<?xml version="1.0" encoding="UTF-8"?>
<!-- Generated by org.testng.reporters.JUnitReportReporter -->
<testsuite hostname="DESKTOP-64IBGKO" failures="0" tests="12" name="cz.muni.fi.pa165.bluebat.dao.ReservationDaoImplTest" time="10.295" errors="0" timestamp="2021-04-26T23:20:15 SELČ" skipped="0">
  <testcase classname="cz.muni.fi.pa165.bluebat.dao.ReservationDaoImplTest" name="findAll_oneInserted" time="0.866"/>
  <system-out/>
  <testcase classname="cz.muni.fi.pa165.bluebat.dao.ReservationDaoImplTest" name="create_valid" time="0.567"/>
  <system-out/>
  <testcase classname="cz.muni.fi.pa165.bluebat.dao.ReservationDaoImplTest" name="findById_valid" time="0.916"/>
  <system-out/>
  <testcase classname="cz.muni.fi.pa165.bluebat.dao.ReservationDaoImplTest" name="findAll_oneDeleted" time="0.876"/>
  <system-out/>
  <testcase classname="cz.muni.fi.pa165.bluebat.dao.ReservationDaoImplTest" name="findAll_doesNotThrow" time="0.840"/>
  <system-out/>
  <testcase classname="cz.muni.fi.pa165.bluebat.dao.ReservationDaoImplTest" name="findById_notInserted" time="0.800"/>
  <system-out/>
  <testcase classname="cz.muni.fi.pa165.bluebat.dao.ReservationDaoImplTest" name="update_null_InvalidDataAccessApiUsageException" time="0.890"/>
  <system-out/>
  <testcase classname="cz.muni.fi.pa165.bluebat.dao.ReservationDaoImplTest" name="update_valid" time="0.956"/>
  <system-out/>
  <testcase classname="cz.muni.fi.pa165.bluebat.dao.ReservationDaoImplTest" name="create_null_InvalidDataAccessApiUsageException" time="0.880"/>
  <system-out/>
  <testcase classname="cz.muni.fi.pa165.bluebat.dao.ReservationDaoImplTest" name="delete_null_InvalidDataAccessApiUsageException" time="0.878"/>
  <system-out/>
  <testcase classname="cz.muni.fi.pa165.bluebat.dao.ReservationDaoImplTest" name="delete_valid" time="0.908"/>
  <system-out/>
  <testcase classname="cz.muni.fi.pa165.bluebat.dao.ReservationDaoImplTest" name="findById_removedReservation" time="0.918"/>
  <system-out/>
</testsuite> <!-- cz.muni.fi.pa165.bluebat.dao.ReservationDaoImplTest -->
