<?xml version="1.0" encoding="UTF-8"?>
<!-- Generated by org.testng.reporters.JUnitReportReporter -->
<testsuite hostname="DESKTOP-64IBGKO" failures="0" tests="4" name="cz.muni.fi.pa165.bluebat.entity.PriceTest" time="2.939" errors="0" timestamp="2021-04-26T23:20:15 SELČ" skipped="0">
  <testcase classname="cz.muni.fi.pa165.bluebat.entity.PriceTest" name="price_fullyInitialized" time="0.840"/>
  <system-out/>
  <testcase classname="cz.muni.fi.pa165.bluebat.entity.PriceTest" name="priceValidFrom_null" time="0.769"/>
  <system-out/>
  <testcase classname="cz.muni.fi.pa165.bluebat.entity.PriceTest" name="priceAmount_negativeValue" time="0.517"/>
  <system-out/>
  <testcase classname="cz.muni.fi.pa165.bluebat.entity.PriceTest" name="priceAmount_null" time="0.813"/>
  <system-out/>
</testsuite> <!-- cz.muni.fi.pa165.bluebat.entity.PriceTest -->
