<?xml version="1.0" encoding="UTF-8"?>
<!-- Generated by org.testng.reporters.JUnitReportReporter -->
<testsuite hostname="DESKTOP-64IBGKO" failures="0" tests="15" name="cz.muni.fi.pa165.bluebat.entity.ExcursionTest" time="12.479" errors="0" timestamp="2021-04-26T23:20:15 SELČ" skipped="0">
  <testcase classname="cz.muni.fi.pa165.bluebat.entity.ExcursionTest" name="excursionDestination_invalid" time="0.859"/>
  <system-out/>
  <testcase classname="cz.muni.fi.pa165.bluebat.entity.ExcursionTest" name="excursionName_invalid" time="0.826"/>
  <system-out/>
  <testcase classname="cz.muni.fi.pa165.bluebat.entity.ExcursionTest" name="excursionName_invalid" time="0.901"/>
  <system-out/>
  <testcase classname="cz.muni.fi.pa165.bluebat.entity.ExcursionTest" name="excursionDestination_invalid" time="0.910"/>
  <system-out/>
  <testcase classname="cz.muni.fi.pa165.bluebat.entity.ExcursionTest" name="excursionName_invalid" time="0.866"/>
  <system-out/>
  <testcase classname="cz.muni.fi.pa165.bluebat.entity.ExcursionTest" name="excursionDuration_null" time="0.529"/>
  <system-out/>
  <testcase classname="cz.muni.fi.pa165.bluebat.entity.ExcursionTest" name="excursionName_null" time="0.838"/>
  <system-out/>
  <testcase classname="cz.muni.fi.pa165.bluebat.entity.ExcursionTest" name="excursionDestination_invalid" time="0.849"/>
  <system-out/>
  <testcase classname="cz.muni.fi.pa165.bluebat.entity.ExcursionTest" name="excursion_fullyInitialized" time="0.881"/>
  <system-out/>
  <testcase classname="cz.muni.fi.pa165.bluebat.entity.ExcursionTest" name="excursionDestination_invalid" time="0.892"/>
  <system-out/>
  <testcase classname="cz.muni.fi.pa165.bluebat.entity.ExcursionTest" name="excursionDestination_invalid" time="0.817"/>
  <system-out/>
  <testcase classname="cz.muni.fi.pa165.bluebat.entity.ExcursionTest" name="excursionName_invalid" time="0.800"/>
  <system-out/>
  <testcase classname="cz.muni.fi.pa165.bluebat.entity.ExcursionTest" name="excursionDestination_null" time="0.810"/>
  <system-out/>
  <testcase classname="cz.muni.fi.pa165.bluebat.entity.ExcursionTest" name="excursionDateFrom_null" time="0.884"/>
  <system-out/>
  <testcase classname="cz.muni.fi.pa165.bluebat.entity.ExcursionTest" name="excursionName_invalid" time="0.817"/>
  <system-out/>
</testsuite> <!-- cz.muni.fi.pa165.bluebat.entity.ExcursionTest -->
