<?xml version="1.0" encoding="UTF-8"?>
<!-- Generated by org.testng.reporters.JUnitReportReporter -->
<testsuite hostname="DESKTOP-64IBGKO" failures="0" tests="35" name="cz.muni.fi.pa165.bluebat.entity.CustomerTest" time="0.300" errors="0" timestamp="2021-04-26T23:20:15 SELČ" skipped="0">
  <testcase classname="cz.muni.fi.pa165.bluebat.entity.CustomerTest" name="customerBirthday_null" time="0.010"/>
  <system-out/>
  <testcase classname="cz.muni.fi.pa165.bluebat.entity.CustomerTest" name="customerEmail_invalid_notEmail" time="0.010"/>
  <system-out/>
  <testcase classname="cz.muni.fi.pa165.bluebat.entity.CustomerTest" name="customerSurname_invalid" time="0.010"/>
  <system-out/>
  <testcase classname="cz.muni.fi.pa165.bluebat.entity.CustomerTest" name="customerSurname_invalid" time="0.010"/>
  <system-out/>
  <testcase classname="cz.muni.fi.pa165.bluebat.entity.CustomerTest" name="customerEmail_invalid_notEmail" time="0.010"/>
  <system-out/>
  <testcase classname="cz.muni.fi.pa165.bluebat.entity.CustomerTest" name="customerEmail_invalid_notEmail" time="0.000"/>
  <system-out/>
  <testcase classname="cz.muni.fi.pa165.bluebat.entity.CustomerTest" name="customerEmail_invalid_blank" time="0.010"/>
  <system-out/>
  <testcase classname="cz.muni.fi.pa165.bluebat.entity.CustomerTest" name="customerEmail_invalid_notEmail" time="0.020"/>
  <system-out/>
  <testcase classname="cz.muni.fi.pa165.bluebat.entity.CustomerTest" name="customerPhoneNumber_negativeValue" time="0.010"/>
  <system-out/>
  <testcase classname="cz.muni.fi.pa165.bluebat.entity.CustomerTest" name="customerAddress_invalid" time="0.000"/>
  <system-out/>
  <testcase classname="cz.muni.fi.pa165.bluebat.entity.CustomerTest" name="customerEmail_invalid_blank" time="0.010"/>
  <system-out/>
  <testcase classname="cz.muni.fi.pa165.bluebat.entity.CustomerTest" name="customerEmail_invalid_notEmail" time="0.000"/>
  <system-out/>
  <testcase classname="cz.muni.fi.pa165.bluebat.entity.CustomerTest" name="customerEmail_invalid_notEmail" time="0.000"/>
  <system-out/>
  <testcase classname="cz.muni.fi.pa165.bluebat.entity.CustomerTest" name="customerEmail_invalid_blank" time="0.000"/>
  <system-out/>
  <testcase classname="cz.muni.fi.pa165.bluebat.entity.CustomerTest" name="customerAddress_invalid" time="0.010"/>
  <system-out/>
  <testcase classname="cz.muni.fi.pa165.bluebat.entity.CustomerTest" name="customerEmail_invalid_notEmail" time="0.000"/>
  <system-out/>
  <testcase classname="cz.muni.fi.pa165.bluebat.entity.CustomerTest" name="customerEmail_invalid_blank" time="0.010"/>
  <system-out/>
  <testcase classname="cz.muni.fi.pa165.bluebat.entity.CustomerTest" name="customerName_invalid" time="0.010"/>
  <system-out/>
  <testcase classname="cz.muni.fi.pa165.bluebat.entity.CustomerTest" name="customerSurname_invalid" time="0.000"/>
  <system-out/>
  <testcase classname="cz.muni.fi.pa165.bluebat.entity.CustomerTest" name="customerEmail_invalid_notEmail" time="0.000"/>
  <system-out/>
  <testcase classname="cz.muni.fi.pa165.bluebat.entity.CustomerTest" name="customerBirthday_inFuture" time="0.000"/>
  <system-out/>
  <testcase classname="cz.muni.fi.pa165.bluebat.entity.CustomerTest" name="customerEmail_invalid_notEmail" time="0.010"/>
  <system-out/>
  <testcase classname="cz.muni.fi.pa165.bluebat.entity.CustomerTest" name="customerName_invalid" time="0.010"/>
  <system-out/>
  <testcase classname="cz.muni.fi.pa165.bluebat.entity.CustomerTest" name="customerName_invalid" time="0.010"/>
  <system-out/>
  <testcase classname="cz.muni.fi.pa165.bluebat.entity.CustomerTest" name="customerAddress_invalid" time="0.000"/>
  <system-out/>
  <testcase classname="cz.muni.fi.pa165.bluebat.entity.CustomerTest" name="customerEmail_invalid_blank" time="0.010"/>
  <system-out/>
  <testcase classname="cz.muni.fi.pa165.bluebat.entity.CustomerTest" name="customer_fullyInitialized" time="0.020"/>
  <system-out/>
  <testcase classname="cz.muni.fi.pa165.bluebat.entity.CustomerTest" name="customerAddress_invalid" time="0.010"/>
  <system-out/>
  <testcase classname="cz.muni.fi.pa165.bluebat.entity.CustomerTest" name="customerName_invalid" time="0.010"/>
  <system-out/>
  <testcase classname="cz.muni.fi.pa165.bluebat.entity.CustomerTest" name="customerPhoneNumber_null" time="0.000"/>
  <system-out/>
  <testcase classname="cz.muni.fi.pa165.bluebat.entity.CustomerTest" name="customerAddress_invalid" time="0.040"/>
  <system-out/>
  <testcase classname="cz.muni.fi.pa165.bluebat.entity.CustomerTest" name="customerSurname_invalid" time="0.010"/>
  <system-out/>
  <testcase classname="cz.muni.fi.pa165.bluebat.entity.CustomerTest" name="customerName_invalid" time="0.010"/>
  <system-out/>
  <testcase classname="cz.muni.fi.pa165.bluebat.entity.CustomerTest" name="customerEmail_invalid_notEmail" time="0.010"/>
  <system-out/>
  <testcase classname="cz.muni.fi.pa165.bluebat.entity.CustomerTest" name="customerSurname_invalid" time="0.020"/>
  <system-out/>
</testsuite> <!-- cz.muni.fi.pa165.bluebat.entity.CustomerTest -->
