<?xml version="1.0" encoding="UTF-8"?>
<!-- Generated by org.testng.reporters.JUnitReportReporter -->
<testsuite hostname="DESKTOP-64IBGKO" failures="0" tests="10" name="cz.muni.fi.pa165.bluebat.dao.ExcursionDaoImplTest" time="9.267" errors="0" timestamp="2021-04-26T23:20:15 SELČ" skipped="0">
  <testcase classname="cz.muni.fi.pa165.bluebat.dao.ExcursionDaoImplTest" name="update_null_InvalidDataAccessApiUsageException" time="0.880"/>
  <system-out/>
  <testcase classname="cz.muni.fi.pa165.bluebat.dao.ExcursionDaoImplTest" name="delete_valid" time="1.077"/>
  <system-out/>
  <testcase classname="cz.muni.fi.pa165.bluebat.dao.ExcursionDaoImplTest" name="create_valid" time="0.886"/>
  <system-out/>
  <testcase classname="cz.muni.fi.pa165.bluebat.dao.ExcursionDaoImplTest" name="update_valid" time="1.008"/>
  <system-out/>
  <testcase classname="cz.muni.fi.pa165.bluebat.dao.ExcursionDaoImplTest" name="create_null_InvalidDataAccessApiUsageException" time="0.929"/>
  <system-out/>
  <testcase classname="cz.muni.fi.pa165.bluebat.dao.ExcursionDaoImplTest" name="delete_notInserted" time="0.936"/>
  <system-out/>
  <testcase classname="cz.muni.fi.pa165.bluebat.dao.ExcursionDaoImplTest" name="findById_valid" time="1.075"/>
  <system-out/>
  <testcase classname="cz.muni.fi.pa165.bluebat.dao.ExcursionDaoImplTest" name="delete_null_InvalidDataAccessApiUsageException" time="0.964"/>
  <system-out/>
  <testcase classname="cz.muni.fi.pa165.bluebat.dao.ExcursionDaoImplTest" name="findById_removedExcursion" time="0.968"/>
  <system-out/>
  <testcase classname="cz.muni.fi.pa165.bluebat.dao.ExcursionDaoImplTest" name="findById_notInserted" time="0.544"/>
  <system-out/>
</testsuite> <!-- cz.muni.fi.pa165.bluebat.dao.ExcursionDaoImplTest -->
