<?xml version="1.0" encoding="UTF-8"?>
<!-- Generated by org.testng.reporters.JUnitReportReporter -->
<testsuite hostname="DESKTOP-64IBGKO" failures="0" tests="4" name="cz.muni.fi.pa165.bluebat.entity.ReservationTest" time="3.021" errors="0" timestamp="2021-04-26T23:20:15 SELČ" skipped="0">
  <testcase classname="cz.muni.fi.pa165.bluebat.entity.ReservationTest" name="reservationCustomer_null" time="0.808"/>
  <system-out/>
  <testcase classname="cz.muni.fi.pa165.bluebat.entity.ReservationTest" name="reservation_fullyInitialized" time="0.849"/>
  <system-out/>
  <testcase classname="cz.muni.fi.pa165.bluebat.entity.ReservationTest" name="reservationPrice_null" time="0.825"/>
  <system-out/>
  <testcase classname="cz.muni.fi.pa165.bluebat.entity.ReservationTest" name="reservationTrip_null" time="0.539"/>
  <system-out/>
</testsuite> <!-- cz.muni.fi.pa165.bluebat.entity.ReservationTest -->
