<?xml version="1.0" encoding="UTF-8"?>
<!-- Generated by org.testng.reporters.JUnitReportReporter -->
<testsuite hostname="DESKTOP-64IBGKO" failures="0" tests="13" name="cz.muni.fi.pa165.bluebat.dao.CustomerDaoImplTest" time="15.885" errors="0" timestamp="2021-04-26T23:20:15 SELČ" skipped="0">
  <testcase classname="cz.muni.fi.pa165.bluebat.dao.CustomerDaoImplTest" name="create_null_InvalidDataAccessApiUsageException" time="1.205"/>
  <system-out/>
  <testcase classname="cz.muni.fi.pa165.bluebat.dao.CustomerDaoImplTest" name="delete_null_InvalidDataAccessApiUsageException" time="1.162"/>
  <system-out/>
  <testcase classname="cz.muni.fi.pa165.bluebat.dao.CustomerDaoImplTest" name="findAll_doesNotThrow" time="1.458"/>
  <system-out/>
  <testcase classname="cz.muni.fi.pa165.bluebat.dao.CustomerDaoImplTest" name="findById_notInserted" time="1.408"/>
  <system-out/>
  <testcase classname="cz.muni.fi.pa165.bluebat.dao.CustomerDaoImplTest" name="create_valid" time="1.460"/>
  <system-out/>
  <testcase classname="cz.muni.fi.pa165.bluebat.dao.CustomerDaoImplTest" name="findById_removedCustomer" time="1.410"/>
  <system-out/>
  <testcase classname="cz.muni.fi.pa165.bluebat.dao.CustomerDaoImplTest" name="update_null_InvalidDataAccessApiUsageException" time="0.603"/>
  <system-out/>
  <testcase classname="cz.muni.fi.pa165.bluebat.dao.CustomerDaoImplTest" name="findAll_oneDeleted" time="1.016"/>
  <system-out/>
  <testcase classname="cz.muni.fi.pa165.bluebat.dao.CustomerDaoImplTest" name="findById_valid" time="1.077"/>
  <system-out/>
  <testcase classname="cz.muni.fi.pa165.bluebat.dao.CustomerDaoImplTest" name="delete_valid" time="1.087"/>
  <system-out/>
  <testcase classname="cz.muni.fi.pa165.bluebat.dao.CustomerDaoImplTest" name="delete_notInserted" time="1.364"/>
  <system-out/>
  <testcase classname="cz.muni.fi.pa165.bluebat.dao.CustomerDaoImplTest" name="findAll_oneInserted" time="1.287"/>
  <system-out/>
  <testcase classname="cz.muni.fi.pa165.bluebat.dao.CustomerDaoImplTest" name="update_valid" time="1.348"/>
  <system-out/>
</testsuite> <!-- cz.muni.fi.pa165.bluebat.dao.CustomerDaoImplTest -->
