<?xml version="1.0" encoding="UTF-8"?>
<!-- Generated by org.testng.reporters.JUnitReportReporter -->
<testsuite hostname="DESKTOP-64IBGKO" failures="0" tests="8" name="cz.muni.fi.pa165.bluebat.dao.TripDaoTest" time="6.628" errors="0" timestamp="2021-04-26T23:20:15 SELČ" skipped="0">
  <testcase classname="cz.muni.fi.pa165.bluebat.dao.TripDaoTest" name="createTest" time="0.858"/>
  <system-out/>
  <testcase classname="cz.muni.fi.pa165.bluebat.dao.TripDaoTest" name="findNonExistingTripTest" time="0.906"/>
  <system-out/>
  <testcase classname="cz.muni.fi.pa165.bluebat.dao.TripDaoTest" name="updateTest" time="0.880"/>
  <system-out/>
  <testcase classname="cz.muni.fi.pa165.bluebat.dao.TripDaoTest" name="deleteNullTest" time="0.530"/>
  <system-out/>
  <testcase classname="cz.muni.fi.pa165.bluebat.dao.TripDaoTest" name="findNullTest" time="0.828"/>
  <system-out/>
  <testcase classname="cz.muni.fi.pa165.bluebat.dao.TripDaoTest" name="deleteTest" time="0.929"/>
  <system-out/>
  <testcase classname="cz.muni.fi.pa165.bluebat.dao.TripDaoTest" name="createNullTest" time="0.820"/>
  <system-out/>
  <testcase classname="cz.muni.fi.pa165.bluebat.dao.TripDaoTest" name="createWithNullTest" time="0.877"/>
  <system-out/>
</testsuite> <!-- cz.muni.fi.pa165.bluebat.dao.TripDaoTest -->
