<?xml version="1.0" encoding="UTF-8"?>
<!-- Generated by org.testng.reporters.JUnitReportReporter -->
<testsuite hostname="DESKTOP-64IBGKO" failures="0" tests="9" name="cz.muni.fi.pa165.bluebat.dao.PriceDaoImplTest" time="7.203" errors="0" timestamp="2021-04-26T23:20:15 SELČ" skipped="0">
  <testcase classname="cz.muni.fi.pa165.bluebat.dao.PriceDaoImplTest" name="findById_removedPrice" time="0.857"/>
  <system-out/>
  <testcase classname="cz.muni.fi.pa165.bluebat.dao.PriceDaoImplTest" name="update_null_InvalidDataAccessApiUsageException" time="0.809"/>
  <system-out/>
  <testcase classname="cz.muni.fi.pa165.bluebat.dao.PriceDaoImplTest" name="create_null_InvalidDataAccessApiUsageException" time="0.810"/>
  <system-out/>
  <testcase classname="cz.muni.fi.pa165.bluebat.dao.PriceDaoImplTest" name="delete_notInserted" time="0.541"/>
  <system-out/>
  <testcase classname="cz.muni.fi.pa165.bluebat.dao.PriceDaoImplTest" name="findById_valid" time="0.869"/>
  <system-out/>
  <testcase classname="cz.muni.fi.pa165.bluebat.dao.PriceDaoImplTest" name="delete_null_InvalidDataAccessApiUsageException" time="0.839"/>
  <system-out/>
  <testcase classname="cz.muni.fi.pa165.bluebat.dao.PriceDaoImplTest" name="update_valid" time="0.799"/>
  <system-out/>
  <testcase classname="cz.muni.fi.pa165.bluebat.dao.PriceDaoImplTest" name="create_valid" time="0.819"/>
  <system-out/>
  <testcase classname="cz.muni.fi.pa165.bluebat.dao.PriceDaoImplTest" name="findById_notInserted" time="0.860"/>
  <system-out/>
</testsuite> <!-- cz.muni.fi.pa165.bluebat.dao.PriceDaoImplTest -->
