<?xml version="1.0" encoding="UTF-8"?>
<!-- Generated by org.testng.reporters.JUnitReportReporter -->
<testsuite hostname="DESKTOP-64IBGKO" failures="0" tests="21" name="cz.muni.fi.pa165.bluebat.entity.TripTest" time="16.029" errors="0" timestamp="2021-04-26T23:20:15 SELČ" skipped="0">
  <testcase classname="cz.muni.fi.pa165.bluebat.entity.TripTest" name="tripInvalidDateFrom" time="0.798"/>
  <system-out/>
  <testcase classname="cz.muni.fi.pa165.bluebat.entity.TripTest" name="tripInvalidDateFrom" time="0.810"/>
  <system-out/>
  <testcase classname="cz.muni.fi.pa165.bluebat.entity.TripTest" name="tripInvalidDestination" time="0.780"/>
  <system-out/>
  <testcase classname="cz.muni.fi.pa165.bluebat.entity.TripTest" name="tripInvalidDestination" time="0.770"/>
  <system-out/>
  <testcase classname="cz.muni.fi.pa165.bluebat.entity.TripTest" name="tripInvalidDateTo" time="0.729"/>
  <system-out/>
  <testcase classname="cz.muni.fi.pa165.bluebat.entity.TripTest" name="tripInvalidDateTo" time="0.771"/>
  <system-out/>
  <testcase classname="cz.muni.fi.pa165.bluebat.entity.TripTest" name="tripInvalidDateFrom" time="0.759"/>
  <system-out/>
  <testcase classname="cz.muni.fi.pa165.bluebat.entity.TripTest" name="tripInvalidDestination" time="0.810"/>
  <system-out/>
  <testcase classname="cz.muni.fi.pa165.bluebat.entity.TripTest" name="tripInvalidAvailability" time="0.841"/>
  <system-out/>
  <testcase classname="cz.muni.fi.pa165.bluebat.entity.TripTest" name="tripInvalidName" time="0.760"/>
  <system-out/>
  <testcase classname="cz.muni.fi.pa165.bluebat.entity.TripTest" name="tripInvalidDestination" time="0.774"/>
  <system-out/>
  <testcase classname="cz.muni.fi.pa165.bluebat.entity.TripTest" name="tripInvalidAvailability" time="0.748"/>
  <system-out/>
  <testcase classname="cz.muni.fi.pa165.bluebat.entity.TripTest" name="tripInvalidDateFrom" time="0.749"/>
  <system-out/>
  <testcase classname="cz.muni.fi.pa165.bluebat.entity.TripTest" name="tripInvalidName" time="0.770"/>
  <system-out/>
  <testcase classname="cz.muni.fi.pa165.bluebat.entity.TripTest" name="tripInvalidName" time="0.779"/>
  <system-out/>
  <testcase classname="cz.muni.fi.pa165.bluebat.entity.TripTest" name="tripInvalidName" time="0.760"/>
  <system-out/>
  <testcase classname="cz.muni.fi.pa165.bluebat.entity.TripTest" name="tripInvalidDestination" time="0.782"/>
  <system-out/>
  <testcase classname="cz.muni.fi.pa165.bluebat.entity.TripTest" name="tripInvalidDateTo" time="0.759"/>
  <system-out/>
  <testcase classname="cz.muni.fi.pa165.bluebat.entity.TripTest" name="tripInvalidDateTo" time="0.790"/>
  <system-out/>
  <testcase classname="cz.muni.fi.pa165.bluebat.entity.TripTest" name="tripInvalidAvailability" time="0.780"/>
  <system-out/>
  <testcase classname="cz.muni.fi.pa165.bluebat.entity.TripTest" name="tripInvalidName" time="0.510"/>
  <system-out/>
</testsuite> <!-- cz.muni.fi.pa165.bluebat.entity.TripTest -->
