<?xml version="1.0" encoding="UTF-8"?>
<!-- Generated by org.testng.reporters.JUnitXMLReporter -->
<testsuite ignored="0" hostname="DESKTOP-64IBGKO" failures="0" tests="131" name="Surefire test" time="91.283" errors="0" timestamp="2021-04-26T23:20:15 SELČ">
  <testcase classname="cz.muni.fi.pa165.bluebat.dao.CustomerDaoImplTest" name="create_null_InvalidDataAccessApiUsageException" time="0.01"/>
  <testcase classname="cz.muni.fi.pa165.bluebat.dao.CustomerDaoImplTest" name="create_valid" time="0.02"/>
  <testcase classname="cz.muni.fi.pa165.bluebat.dao.CustomerDaoImplTest" name="delete_notInserted" time="0.019"/>
  <testcase classname="cz.muni.fi.pa165.bluebat.dao.CustomerDaoImplTest" name="delete_null_InvalidDataAccessApiUsageException" time="0.0"/>
  <testcase classname="cz.muni.fi.pa165.bluebat.dao.CustomerDaoImplTest" name="delete_valid" time="0.063"/>
  <testcase classname="cz.muni.fi.pa165.bluebat.dao.CustomerDaoImplTest" name="findAll_doesNotThrow" time="0.2"/>
  <testcase classname="cz.muni.fi.pa165.bluebat.dao.CustomerDaoImplTest" name="findAll_oneDeleted" time="0.07"/>
  <testcase classname="cz.muni.fi.pa165.bluebat.dao.CustomerDaoImplTest" name="findAll_oneInserted" time="0.058"/>
  <testcase classname="cz.muni.fi.pa165.bluebat.dao.CustomerDaoImplTest" name="findById_notInserted" time="0.02"/>
  <testcase classname="cz.muni.fi.pa165.bluebat.dao.CustomerDaoImplTest" name="findById_removedCustomer" time="0.04"/>
  <testcase classname="cz.muni.fi.pa165.bluebat.dao.CustomerDaoImplTest" name="findById_valid" time="0.01"/>
  <testcase classname="cz.muni.fi.pa165.bluebat.dao.CustomerDaoImplTest" name="update_null_InvalidDataAccessApiUsageException" time="0.0"/>
  <testcase classname="cz.muni.fi.pa165.bluebat.dao.CustomerDaoImplTest" name="update_valid" time="0.01"/>
  <testcase classname="cz.muni.fi.pa165.bluebat.dao.ExcursionDaoImplTest" name="create_null_InvalidDataAccessApiUsageException" time="0.0"/>
  <testcase classname="cz.muni.fi.pa165.bluebat.dao.ExcursionDaoImplTest" name="create_valid" time="0.0"/>
  <testcase classname="cz.muni.fi.pa165.bluebat.dao.ExcursionDaoImplTest" name="delete_notInserted" time="0.01"/>
  <testcase classname="cz.muni.fi.pa165.bluebat.dao.ExcursionDaoImplTest" name="delete_null_InvalidDataAccessApiUsageException" time="0.0"/>
  <testcase classname="cz.muni.fi.pa165.bluebat.dao.ExcursionDaoImplTest" name="delete_valid" time="0.023"/>
  <testcase classname="cz.muni.fi.pa165.bluebat.dao.ExcursionDaoImplTest" name="findById_notInserted" time="0.01"/>
  <testcase classname="cz.muni.fi.pa165.bluebat.dao.ExcursionDaoImplTest" name="findById_removedExcursion" time="0.03"/>
  <testcase classname="cz.muni.fi.pa165.bluebat.dao.ExcursionDaoImplTest" name="findById_valid" time="0.01"/>
  <testcase classname="cz.muni.fi.pa165.bluebat.dao.ExcursionDaoImplTest" name="update_null_InvalidDataAccessApiUsageException" time="0.0"/>
  <testcase classname="cz.muni.fi.pa165.bluebat.dao.ExcursionDaoImplTest" name="update_valid" time="0.02"/>
  <testcase classname="cz.muni.fi.pa165.bluebat.dao.PriceDaoImplTest" name="create_null_InvalidDataAccessApiUsageException" time="0.0"/>
  <testcase classname="cz.muni.fi.pa165.bluebat.dao.PriceDaoImplTest" name="create_valid" time="0.0"/>
  <testcase classname="cz.muni.fi.pa165.bluebat.dao.PriceDaoImplTest" name="delete_notInserted" time="0.0"/>
  <testcase classname="cz.muni.fi.pa165.bluebat.dao.PriceDaoImplTest" name="delete_null_InvalidDataAccessApiUsageException" time="0.0"/>
  <testcase classname="cz.muni.fi.pa165.bluebat.dao.PriceDaoImplTest" name="findById_notInserted" time="0.0"/>
  <testcase classname="cz.muni.fi.pa165.bluebat.dao.PriceDaoImplTest" name="findById_removedPrice" time="0.01"/>
  <testcase classname="cz.muni.fi.pa165.bluebat.dao.PriceDaoImplTest" name="findById_valid" time="0.01"/>
  <testcase classname="cz.muni.fi.pa165.bluebat.dao.PriceDaoImplTest" name="update_null_InvalidDataAccessApiUsageException" time="0.0"/>
  <testcase classname="cz.muni.fi.pa165.bluebat.dao.PriceDaoImplTest" name="update_valid" time="0.0"/>
  <testcase classname="cz.muni.fi.pa165.bluebat.dao.ReservationDaoImplTest" name="create_null_InvalidDataAccessApiUsageException" time="0.0"/>
  <testcase classname="cz.muni.fi.pa165.bluebat.dao.ReservationDaoImplTest" name="create_valid" time="0.0"/>
  <testcase classname="cz.muni.fi.pa165.bluebat.dao.ReservationDaoImplTest" name="delete_null_InvalidDataAccessApiUsageException" time="0.0"/>
  <testcase classname="cz.muni.fi.pa165.bluebat.dao.ReservationDaoImplTest" name="delete_valid" time="0.01"/>
  <testcase classname="cz.muni.fi.pa165.bluebat.dao.ReservationDaoImplTest" name="findAll_doesNotThrow" time="0.02"/>
  <testcase classname="cz.muni.fi.pa165.bluebat.dao.ReservationDaoImplTest" name="findAll_oneDeleted" time="0.04"/>
  <testcase classname="cz.muni.fi.pa165.bluebat.dao.ReservationDaoImplTest" name="findAll_oneInserted" time="0.03"/>
  <testcase classname="cz.muni.fi.pa165.bluebat.dao.ReservationDaoImplTest" name="findById_notInserted" time="0.0"/>
  <testcase classname="cz.muni.fi.pa165.bluebat.dao.ReservationDaoImplTest" name="findById_removedReservation" time="0.03"/>
  <testcase classname="cz.muni.fi.pa165.bluebat.dao.ReservationDaoImplTest" name="findById_valid" time="0.0"/>
  <testcase classname="cz.muni.fi.pa165.bluebat.dao.ReservationDaoImplTest" name="update_null_InvalidDataAccessApiUsageException" time="0.0"/>
  <testcase classname="cz.muni.fi.pa165.bluebat.dao.ReservationDaoImplTest" name="update_valid" time="0.03"/>
  <testcase classname="cz.muni.fi.pa165.bluebat.dao.TripDaoTest" name="createNullTest" time="0.0"/>
  <testcase classname="cz.muni.fi.pa165.bluebat.dao.TripDaoTest" name="createTest" time="0.0"/>
  <testcase classname="cz.muni.fi.pa165.bluebat.dao.TripDaoTest" name="createWithNullTest" time="0.01"/>
  <testcase classname="cz.muni.fi.pa165.bluebat.dao.TripDaoTest" name="deleteNullTest" time="0.0"/>
  <testcase classname="cz.muni.fi.pa165.bluebat.dao.TripDaoTest" name="deleteTest" time="0.02"/>
  <testcase classname="cz.muni.fi.pa165.bluebat.dao.TripDaoTest" name="findNonExistingTripTest" time="0.01"/>
  <testcase classname="cz.muni.fi.pa165.bluebat.dao.TripDaoTest" name="findNullTest" time="0.018"/>
  <testcase classname="cz.muni.fi.pa165.bluebat.dao.TripDaoTest" name="updateTest" time="0.01"/>
  <testcase classname="cz.muni.fi.pa165.bluebat.entity.CustomerTest" name="customerAddress_invalid" time="0.04"/>
  <testcase classname="cz.muni.fi.pa165.bluebat.entity.CustomerTest" name="customerAddress_invalid" time="0.0"/>
  <testcase classname="cz.muni.fi.pa165.bluebat.entity.CustomerTest" name="customerAddress_invalid" time="0.0"/>
  <testcase classname="cz.muni.fi.pa165.bluebat.entity.CustomerTest" name="customerAddress_invalid" time="0.01"/>
  <testcase classname="cz.muni.fi.pa165.bluebat.entity.CustomerTest" name="customerAddress_invalid" time="0.01"/>
  <testcase classname="cz.muni.fi.pa165.bluebat.entity.CustomerTest" name="customerBirthday_inFuture" time="0.0"/>
  <testcase classname="cz.muni.fi.pa165.bluebat.entity.CustomerTest" name="customerBirthday_null" time="0.0"/>
  <testcase classname="cz.muni.fi.pa165.bluebat.entity.CustomerTest" name="customerEmail_invalid_blank" time="0.01"/>
  <testcase classname="cz.muni.fi.pa165.bluebat.entity.CustomerTest" name="customerEmail_invalid_blank" time="0.01"/>
  <testcase classname="cz.muni.fi.pa165.bluebat.entity.CustomerTest" name="customerEmail_invalid_blank" time="0.0"/>
  <testcase classname="cz.muni.fi.pa165.bluebat.entity.CustomerTest" name="customerEmail_invalid_blank" time="0.01"/>
  <testcase classname="cz.muni.fi.pa165.bluebat.entity.CustomerTest" name="customerEmail_invalid_blank" time="0.01"/>
  <testcase classname="cz.muni.fi.pa165.bluebat.entity.CustomerTest" name="customerEmail_invalid_notEmail" time="0.01"/>
  <testcase classname="cz.muni.fi.pa165.bluebat.entity.CustomerTest" name="customerEmail_invalid_notEmail" time="0.01"/>
  <testcase classname="cz.muni.fi.pa165.bluebat.entity.CustomerTest" name="customerEmail_invalid_notEmail" time="0.0"/>
  <testcase classname="cz.muni.fi.pa165.bluebat.entity.CustomerTest" name="customerEmail_invalid_notEmail" time="0.0"/>
  <testcase classname="cz.muni.fi.pa165.bluebat.entity.CustomerTest" name="customerEmail_invalid_notEmail" time="0.01"/>
  <testcase classname="cz.muni.fi.pa165.bluebat.entity.CustomerTest" name="customerEmail_invalid_notEmail" time="0.01"/>
  <testcase classname="cz.muni.fi.pa165.bluebat.entity.CustomerTest" name="customerEmail_invalid_notEmail" time="0.0"/>
  <testcase classname="cz.muni.fi.pa165.bluebat.entity.CustomerTest" name="customerEmail_invalid_notEmail" time="0.01"/>
  <testcase classname="cz.muni.fi.pa165.bluebat.entity.CustomerTest" name="customerEmail_invalid_notEmail" time="0.0"/>
  <testcase classname="cz.muni.fi.pa165.bluebat.entity.CustomerTest" name="customerEmail_invalid_notEmail" time="0.0"/>
  <testcase classname="cz.muni.fi.pa165.bluebat.entity.CustomerTest" name="customerName_invalid" time="0.01"/>
  <testcase classname="cz.muni.fi.pa165.bluebat.entity.CustomerTest" name="customerName_invalid" time="0.01"/>
  <testcase classname="cz.muni.fi.pa165.bluebat.entity.CustomerTest" name="customerName_invalid" time="0.01"/>
  <testcase classname="cz.muni.fi.pa165.bluebat.entity.CustomerTest" name="customerName_invalid" time="0.01"/>
  <testcase classname="cz.muni.fi.pa165.bluebat.entity.CustomerTest" name="customerName_invalid" time="0.01"/>
  <testcase classname="cz.muni.fi.pa165.bluebat.entity.CustomerTest" name="customerPhoneNumber_negativeValue" time="0.0"/>
  <testcase classname="cz.muni.fi.pa165.bluebat.entity.CustomerTest" name="customerPhoneNumber_null" time="0.0"/>
  <testcase classname="cz.muni.fi.pa165.bluebat.entity.CustomerTest" name="customerSurname_invalid" time="0.01"/>
  <testcase classname="cz.muni.fi.pa165.bluebat.entity.CustomerTest" name="customerSurname_invalid" time="0.01"/>
  <testcase classname="cz.muni.fi.pa165.bluebat.entity.CustomerTest" name="customerSurname_invalid" time="0.01"/>
  <testcase classname="cz.muni.fi.pa165.bluebat.entity.CustomerTest" name="customerSurname_invalid" time="0.0"/>
  <testcase classname="cz.muni.fi.pa165.bluebat.entity.CustomerTest" name="customerSurname_invalid" time="0.01"/>
  <testcase classname="cz.muni.fi.pa165.bluebat.entity.CustomerTest" name="customer_fullyInitialized" time="0.02"/>
  <testcase classname="cz.muni.fi.pa165.bluebat.entity.ExcursionTest" name="excursionDateFrom_null" time="0.01"/>
  <testcase classname="cz.muni.fi.pa165.bluebat.entity.ExcursionTest" name="excursionDestination_invalid" time="0.01"/>
  <testcase classname="cz.muni.fi.pa165.bluebat.entity.ExcursionTest" name="excursionDestination_invalid" time="0.01"/>
  <testcase classname="cz.muni.fi.pa165.bluebat.entity.ExcursionTest" name="excursionDestination_invalid" time="0.0"/>
  <testcase classname="cz.muni.fi.pa165.bluebat.entity.ExcursionTest" name="excursionDestination_invalid" time="0.01"/>
  <testcase classname="cz.muni.fi.pa165.bluebat.entity.ExcursionTest" name="excursionDestination_invalid" time="0.0"/>
  <testcase classname="cz.muni.fi.pa165.bluebat.entity.ExcursionTest" name="excursionDestination_null" time="0.0"/>
  <testcase classname="cz.muni.fi.pa165.bluebat.entity.ExcursionTest" name="excursionDuration_null" time="0.01"/>
  <testcase classname="cz.muni.fi.pa165.bluebat.entity.ExcursionTest" name="excursionName_invalid" time="0.0"/>
  <testcase classname="cz.muni.fi.pa165.bluebat.entity.ExcursionTest" name="excursionName_invalid" time="0.0"/>
  <testcase classname="cz.muni.fi.pa165.bluebat.entity.ExcursionTest" name="excursionName_invalid" time="0.0"/>
  <testcase classname="cz.muni.fi.pa165.bluebat.entity.ExcursionTest" name="excursionName_invalid" time="0.002"/>
  <testcase classname="cz.muni.fi.pa165.bluebat.entity.ExcursionTest" name="excursionName_invalid" time="0.01"/>
  <testcase classname="cz.muni.fi.pa165.bluebat.entity.ExcursionTest" name="excursionName_null" time="0.01"/>
  <testcase classname="cz.muni.fi.pa165.bluebat.entity.ExcursionTest" name="excursion_fullyInitialized" time="0.02"/>
  <testcase classname="cz.muni.fi.pa165.bluebat.entity.PriceTest" name="priceAmount_negativeValue" time="0.0"/>
  <testcase classname="cz.muni.fi.pa165.bluebat.entity.PriceTest" name="priceAmount_null" time="0.0"/>
  <testcase classname="cz.muni.fi.pa165.bluebat.entity.PriceTest" name="priceValidFrom_null" time="0.0"/>
  <testcase classname="cz.muni.fi.pa165.bluebat.entity.PriceTest" name="price_fullyInitialized" time="0.01"/>
  <testcase classname="cz.muni.fi.pa165.bluebat.entity.ReservationTest" name="reservationCustomer_null" time="0.03"/>
  <testcase classname="cz.muni.fi.pa165.bluebat.entity.ReservationTest" name="reservationPrice_null" time="0.029"/>
  <testcase classname="cz.muni.fi.pa165.bluebat.entity.ReservationTest" name="reservationTrip_null" time="0.03"/>
  <testcase classname="cz.muni.fi.pa165.bluebat.entity.ReservationTest" name="reservation_fullyInitialized" time="0.04"/>
  <testcase classname="cz.muni.fi.pa165.bluebat.entity.TripTest" name="tripInvalidAvailability" time="0.01"/>
  <testcase classname="cz.muni.fi.pa165.bluebat.entity.TripTest" name="tripInvalidAvailability" time="0.0"/>
  <testcase classname="cz.muni.fi.pa165.bluebat.entity.TripTest" name="tripInvalidAvailability" time="0.0"/>
  <testcase classname="cz.muni.fi.pa165.bluebat.entity.TripTest" name="tripInvalidDateFrom" time="0.01"/>
  <testcase classname="cz.muni.fi.pa165.bluebat.entity.TripTest" name="tripInvalidDateFrom" time="0.0"/>
  <testcase classname="cz.muni.fi.pa165.bluebat.entity.TripTest" name="tripInvalidDateFrom" time="0.0"/>
  <testcase classname="cz.muni.fi.pa165.bluebat.entity.TripTest" name="tripInvalidDateFrom" time="0.0"/>
  <testcase classname="cz.muni.fi.pa165.bluebat.entity.TripTest" name="tripInvalidDateTo" time="0.0"/>
  <testcase classname="cz.muni.fi.pa165.bluebat.entity.TripTest" name="tripInvalidDateTo" time="0.0"/>
  <testcase classname="cz.muni.fi.pa165.bluebat.entity.TripTest" name="tripInvalidDateTo" time="0.0"/>
  <testcase classname="cz.muni.fi.pa165.bluebat.entity.TripTest" name="tripInvalidDateTo" time="0.01"/>
  <testcase classname="cz.muni.fi.pa165.bluebat.entity.TripTest" name="tripInvalidDestination" time="0.01"/>
  <testcase classname="cz.muni.fi.pa165.bluebat.entity.TripTest" name="tripInvalidDestination" time="0.0"/>
  <testcase classname="cz.muni.fi.pa165.bluebat.entity.TripTest" name="tripInvalidDestination" time="0.0"/>
  <testcase classname="cz.muni.fi.pa165.bluebat.entity.TripTest" name="tripInvalidDestination" time="0.01"/>
  <testcase classname="cz.muni.fi.pa165.bluebat.entity.TripTest" name="tripInvalidDestination" time="0.0"/>
  <testcase classname="cz.muni.fi.pa165.bluebat.entity.TripTest" name="tripInvalidName" time="0.0"/>
  <testcase classname="cz.muni.fi.pa165.bluebat.entity.TripTest" name="tripInvalidName" time="0.01"/>
  <testcase classname="cz.muni.fi.pa165.bluebat.entity.TripTest" name="tripInvalidName" time="0.0"/>
  <testcase classname="cz.muni.fi.pa165.bluebat.entity.TripTest" name="tripInvalidName" time="0.0"/>
  <testcase classname="cz.muni.fi.pa165.bluebat.entity.TripTest" name="tripInvalidName" time="0.01"/>
</testsuite> <!-- Surefire test -->
