<?xml version="1.0" encoding="UTF-8"?>
<testng-results ignored="0" total="131" passed="131" failed="0" skipped="0">
  <reporter-output>
  </reporter-output>
  <suite started-at="2021-04-26T23:18:44 SELČ" name="Surefire suite" finished-at="2021-04-26T23:20:15 SELČ" duration-ms="91283">
    <groups>
    </groups>
    <test started-at="2021-04-26T23:18:44 SELČ" name="Surefire test" finished-at="2021-04-26T23:20:15 SELČ" duration-ms="91283">
      <class name="cz.muni.fi.pa165.bluebat.entity.TripTest">
        <test-method is-config="true" signature="springTestContextBeforeTestClass()[pri:0, instance:cz.muni.fi.pa165.bluebat.entity.TripTest@59402b8f]" started-at="2021-04-26T23:19:59 SELČ" name="springTestContextBeforeTestClass" finished-at="2021-04-26T23:19:59 SELČ" duration-ms="2" status="PASS">
          <reporter-output>
          </reporter-output>
        </test-method> <!-- springTestContextBeforeTestClass -->
        <test-method is-config="true" signature="springTestContextPrepareTestInstance()[pri:0, instance:cz.muni.fi.pa165.bluebat.entity.TripTest@59402b8f]" started-at="2021-04-26T23:19:59 SELČ" name="springTestContextPrepareTestInstance" finished-at="2021-04-26T23:19:59 SELČ" depends-on-methods="org.springframework.test.context.testng.AbstractTestNGSpringContextTests.springTestContextBeforeTestClass" duration-ms="290" status="PASS">
          <reporter-output>
          </reporter-output>
        </test-method> <!-- springTestContextPrepareTestInstance -->
        <test-method signature="tripInvalidAvailability(java.lang.Integer)[pri:0, instance:cz.muni.fi.pa165.bluebat.entity.TripTest@59402b8f]" started-at="2021-04-26T23:19:59 SELČ" name="tripInvalidAvailability" data-provider="valuesInvalidAvailability" finished-at="2021-04-26T23:19:59 SELČ" duration-ms="10" status="PASS">
          <params>
            <param index="0">
              <value is-null="true"/>
            </param>
          </params>
          <reporter-output>
          </reporter-output>
        </test-method> <!-- tripInvalidAvailability -->
        <test-method is-config="true" signature="springTestContextBeforeTestMethod(java.lang.reflect.Method)[pri:0, instance:cz.muni.fi.pa165.bluebat.entity.TripTest@59402b8f]" started-at="2021-04-26T23:19:59 SELČ" name="springTestContextBeforeTestMethod" finished-at="2021-04-26T23:19:59 SELČ" duration-ms="0" status="PASS">
          <params>
            <param index="0">
              <value>
                <![CDATA[public void cz.muni.fi.pa165.bluebat.entity.TripTest.tripInvalidAvailability(java.lang.Integer)]]>
              </value>
            </param>
          </params>
          <reporter-output>
          </reporter-output>
        </test-method> <!-- springTestContextBeforeTestMethod -->
        <test-method is-config="true" signature="springTestContextAfterTestMethod(java.lang.reflect.Method)[pri:0, instance:cz.muni.fi.pa165.bluebat.entity.TripTest@59402b8f]" started-at="2021-04-26T23:19:59 SELČ" name="springTestContextAfterTestMethod" finished-at="2021-04-26T23:20:00 SELČ" duration-ms="510" status="PASS">
          <params>
            <param index="0">
              <value>
                <![CDATA[public void cz.muni.fi.pa165.bluebat.entity.TripTest.tripInvalidAvailability(java.lang.Integer)]]>
              </value>
            </param>
          </params>
          <reporter-output>
          </reporter-output>
        </test-method> <!-- springTestContextAfterTestMethod -->
        <test-method is-config="true" signature="springTestContextBeforeTestMethod(java.lang.reflect.Method)[pri:0, instance:cz.muni.fi.pa165.bluebat.entity.TripTest@59402b8f]" started-at="2021-04-26T23:20:00 SELČ" name="springTestContextBeforeTestMethod" finished-at="2021-04-26T23:20:00 SELČ" duration-ms="249" status="PASS">
          <params>
            <param index="0">
              <value>
                <![CDATA[public void cz.muni.fi.pa165.bluebat.entity.TripTest.tripInvalidAvailability(java.lang.Integer)]]>
              </value>
            </param>
          </params>
          <reporter-output>
          </reporter-output>
        </test-method> <!-- springTestContextBeforeTestMethod -->
        <test-method signature="tripInvalidAvailability(java.lang.Integer)[pri:0, instance:cz.muni.fi.pa165.bluebat.entity.TripTest@59402b8f]" started-at="2021-04-26T23:20:00 SELČ" name="tripInvalidAvailability" data-provider="valuesInvalidAvailability" finished-at="2021-04-26T23:20:00 SELČ" duration-ms="0" status="PASS">
          <params>
            <param index="0">
              <value>
                <![CDATA[-5]]>
              </value>
            </param>
          </params>
          <reporter-output>
          </reporter-output>
        </test-method> <!-- tripInvalidAvailability -->
        <test-method is-config="true" signature="springTestContextAfterTestMethod(java.lang.reflect.Method)[pri:0, instance:cz.muni.fi.pa165.bluebat.entity.TripTest@59402b8f]" started-at="2021-04-26T23:20:00 SELČ" name="springTestContextAfterTestMethod" finished-at="2021-04-26T23:20:01 SELČ" duration-ms="520" status="PASS">
          <params>
            <param index="0">
              <value>
                <![CDATA[public void cz.muni.fi.pa165.bluebat.entity.TripTest.tripInvalidAvailability(java.lang.Integer)]]>
              </value>
            </param>
          </params>
          <reporter-output>
          </reporter-output>
        </test-method> <!-- springTestContextAfterTestMethod -->
        <test-method is-config="true" signature="springTestContextBeforeTestMethod(java.lang.reflect.Method)[pri:0, instance:cz.muni.fi.pa165.bluebat.entity.TripTest@59402b8f]" started-at="2021-04-26T23:20:01 SELČ" name="springTestContextBeforeTestMethod" finished-at="2021-04-26T23:20:01 SELČ" duration-ms="280" status="PASS">
          <params>
            <param index="0">
              <value>
                <![CDATA[public void cz.muni.fi.pa165.bluebat.entity.TripTest.tripInvalidAvailability(java.lang.Integer)]]>
              </value>
            </param>
          </params>
          <reporter-output>
          </reporter-output>
        </test-method> <!-- springTestContextBeforeTestMethod -->
        <test-method is-config="true" signature="springTestContextAfterTestMethod(java.lang.reflect.Method)[pri:0, instance:cz.muni.fi.pa165.bluebat.entity.TripTest@59402b8f]" started-at="2021-04-26T23:20:01 SELČ" name="springTestContextAfterTestMethod" finished-at="2021-04-26T23:20:01 SELČ" duration-ms="510" status="PASS">
          <params>
            <param index="0">
              <value>
                <![CDATA[public void cz.muni.fi.pa165.bluebat.entity.TripTest.tripInvalidAvailability(java.lang.Integer)]]>
              </value>
            </param>
          </params>
          <reporter-output>
          </reporter-output>
        </test-method> <!-- springTestContextAfterTestMethod -->
        <test-method signature="tripInvalidAvailability(java.lang.Integer)[pri:0, instance:cz.muni.fi.pa165.bluebat.entity.TripTest@59402b8f]" started-at="2021-04-26T23:20:01 SELČ" name="tripInvalidAvailability" data-provider="valuesInvalidAvailability" finished-at="2021-04-26T23:20:01 SELČ" duration-ms="0" status="PASS">
          <params>
            <param index="0">
              <value>
                <![CDATA[-10]]>
              </value>
            </param>
          </params>
          <reporter-output>
          </reporter-output>
        </test-method> <!-- tripInvalidAvailability -->
        <test-method is-config="true" signature="springTestContextBeforeTestMethod(java.lang.reflect.Method)[pri:0, instance:cz.muni.fi.pa165.bluebat.entity.TripTest@59402b8f]" started-at="2021-04-26T23:20:01 SELČ" name="springTestContextBeforeTestMethod" finished-at="2021-04-26T23:20:02 SELČ" duration-ms="250" status="PASS">
          <params>
            <param index="0">
              <value>
                <![CDATA[public void cz.muni.fi.pa165.bluebat.entity.TripTest.tripInvalidDateFrom(java.time.LocalDate)]]>
              </value>
            </param>
          </params>
          <reporter-output>
          </reporter-output>
        </test-method> <!-- springTestContextBeforeTestMethod -->
        <test-method signature="tripInvalidDateFrom(java.time.LocalDate)[pri:0, instance:cz.muni.fi.pa165.bluebat.entity.TripTest@59402b8f]" started-at="2021-04-26T23:20:02 SELČ" name="tripInvalidDateFrom" data-provider="valuesInvalidDates" finished-at="2021-04-26T23:20:02 SELČ" duration-ms="10" status="PASS">
          <params>
            <param index="0">
              <value is-null="true"/>
            </param>
          </params>
          <reporter-output>
          </reporter-output>
        </test-method> <!-- tripInvalidDateFrom -->
        <test-method is-config="true" signature="springTestContextAfterTestMethod(java.lang.reflect.Method)[pri:0, instance:cz.muni.fi.pa165.bluebat.entity.TripTest@59402b8f]" started-at="2021-04-26T23:20:02 SELČ" name="springTestContextAfterTestMethod" finished-at="2021-04-26T23:20:02 SELČ" duration-ms="519" status="PASS">
          <params>
            <param index="0">
              <value>
                <![CDATA[public void cz.muni.fi.pa165.bluebat.entity.TripTest.tripInvalidDateFrom(java.time.LocalDate)]]>
              </value>
            </param>
          </params>
          <reporter-output>
          </reporter-output>
        </test-method> <!-- springTestContextAfterTestMethod -->
        <test-method is-config="true" signature="springTestContextBeforeTestMethod(java.lang.reflect.Method)[pri:0, instance:cz.muni.fi.pa165.bluebat.entity.TripTest@59402b8f]" started-at="2021-04-26T23:20:02 SELČ" name="springTestContextBeforeTestMethod" finished-at="2021-04-26T23:20:02 SELČ" duration-ms="250" status="PASS">
          <params>
            <param index="0">
              <value>
                <![CDATA[public void cz.muni.fi.pa165.bluebat.entity.TripTest.tripInvalidDateFrom(java.time.LocalDate)]]>
              </value>
            </param>
          </params>
          <reporter-output>
          </reporter-output>
        </test-method> <!-- springTestContextBeforeTestMethod -->
        <test-method signature="tripInvalidDateFrom(java.time.LocalDate)[pri:0, instance:cz.muni.fi.pa165.bluebat.entity.TripTest@59402b8f]" started-at="2021-04-26T23:20:02 SELČ" name="tripInvalidDateFrom" data-provider="valuesInvalidDates" finished-at="2021-04-26T23:20:02 SELČ" duration-ms="0" status="PASS">
          <params>
            <param index="0">
              <value>
                <![CDATA[2020-05-01]]>
              </value>
            </param>
          </params>
          <reporter-output>
          </reporter-output>
        </test-method> <!-- tripInvalidDateFrom -->
        <test-method is-config="true" signature="springTestContextAfterTestMethod(java.lang.reflect.Method)[pri:0, instance:cz.muni.fi.pa165.bluebat.entity.TripTest@59402b8f]" started-at="2021-04-26T23:20:02 SELČ" name="springTestContextAfterTestMethod" finished-at="2021-04-26T23:20:03 SELČ" duration-ms="520" status="PASS">
          <params>
            <param index="0">
              <value>
                <![CDATA[public void cz.muni.fi.pa165.bluebat.entity.TripTest.tripInvalidDateFrom(java.time.LocalDate)]]>
              </value>
            </param>
          </params>
          <reporter-output>
          </reporter-output>
        </test-method> <!-- springTestContextAfterTestMethod -->
        <test-method is-config="true" signature="springTestContextBeforeTestMethod(java.lang.reflect.Method)[pri:0, instance:cz.muni.fi.pa165.bluebat.entity.TripTest@59402b8f]" started-at="2021-04-26T23:20:03 SELČ" name="springTestContextBeforeTestMethod" finished-at="2021-04-26T23:20:03 SELČ" duration-ms="261" status="PASS">
          <params>
            <param index="0">
              <value>
                <![CDATA[public void cz.muni.fi.pa165.bluebat.entity.TripTest.tripInvalidDateFrom(java.time.LocalDate)]]>
              </value>
            </param>
          </params>
          <reporter-output>
          </reporter-output>
        </test-method> <!-- springTestContextBeforeTestMethod -->
        <test-method signature="tripInvalidDateFrom(java.time.LocalDate)[pri:0, instance:cz.muni.fi.pa165.bluebat.entity.TripTest@59402b8f]" started-at="2021-04-26T23:20:03 SELČ" name="tripInvalidDateFrom" data-provider="valuesInvalidDates" finished-at="2021-04-26T23:20:03 SELČ" duration-ms="0" status="PASS">
          <params>
            <param index="0">
              <value>
                <![CDATA[1878-05-01]]>
              </value>
            </param>
          </params>
          <reporter-output>
          </reporter-output>
        </test-method> <!-- tripInvalidDateFrom -->
        <test-method is-config="true" signature="springTestContextAfterTestMethod(java.lang.reflect.Method)[pri:0, instance:cz.muni.fi.pa165.bluebat.entity.TripTest@59402b8f]" started-at="2021-04-26T23:20:03 SELČ" name="springTestContextAfterTestMethod" finished-at="2021-04-26T23:20:04 SELČ" duration-ms="511" status="PASS">
          <params>
            <param index="0">
              <value>
                <![CDATA[public void cz.muni.fi.pa165.bluebat.entity.TripTest.tripInvalidDateFrom(java.time.LocalDate)]]>
              </value>
            </param>
          </params>
          <reporter-output>
          </reporter-output>
        </test-method> <!-- springTestContextAfterTestMethod -->
        <test-method is-config="true" signature="springTestContextBeforeTestMethod(java.lang.reflect.Method)[pri:0, instance:cz.muni.fi.pa165.bluebat.entity.TripTest@59402b8f]" started-at="2021-04-26T23:20:04 SELČ" name="springTestContextBeforeTestMethod" finished-at="2021-04-26T23:20:04 SELČ" duration-ms="290" status="PASS">
          <params>
            <param index="0">
              <value>
                <![CDATA[public void cz.muni.fi.pa165.bluebat.entity.TripTest.tripInvalidDateFrom(java.time.LocalDate)]]>
              </value>
            </param>
          </params>
          <reporter-output>
          </reporter-output>
        </test-method> <!-- springTestContextBeforeTestMethod -->
        <test-method is-config="true" signature="springTestContextAfterTestMethod(java.lang.reflect.Method)[pri:0, instance:cz.muni.fi.pa165.bluebat.entity.TripTest@59402b8f]" started-at="2021-04-26T23:20:04 SELČ" name="springTestContextAfterTestMethod" finished-at="2021-04-26T23:20:05 SELČ" duration-ms="520" status="PASS">
          <params>
            <param index="0">
              <value>
                <![CDATA[public void cz.muni.fi.pa165.bluebat.entity.TripTest.tripInvalidDateFrom(java.time.LocalDate)]]>
              </value>
            </param>
          </params>
          <reporter-output>
          </reporter-output>
        </test-method> <!-- springTestContextAfterTestMethod -->
        <test-method signature="tripInvalidDateFrom(java.time.LocalDate)[pri:0, instance:cz.muni.fi.pa165.bluebat.entity.TripTest@59402b8f]" started-at="2021-04-26T23:20:04 SELČ" name="tripInvalidDateFrom" data-provider="valuesInvalidDates" finished-at="2021-04-26T23:20:04 SELČ" duration-ms="0" status="PASS">
          <params>
            <param index="0">
              <value>
                <![CDATA[0001-01-01]]>
              </value>
            </param>
          </params>
          <reporter-output>
          </reporter-output>
        </test-method> <!-- tripInvalidDateFrom -->
        <test-method is-config="true" signature="springTestContextBeforeTestMethod(java.lang.reflect.Method)[pri:0, instance:cz.muni.fi.pa165.bluebat.entity.TripTest@59402b8f]" started-at="2021-04-26T23:20:05 SELČ" name="springTestContextBeforeTestMethod" finished-at="2021-04-26T23:20:05 SELČ" duration-ms="264" status="PASS">
          <params>
            <param index="0">
              <value>
                <![CDATA[public void cz.muni.fi.pa165.bluebat.entity.TripTest.tripInvalidDateTo(java.time.LocalDate)]]>
              </value>
            </param>
          </params>
          <reporter-output>
          </reporter-output>
        </test-method> <!-- springTestContextBeforeTestMethod -->
        <test-method signature="tripInvalidDateTo(java.time.LocalDate)[pri:0, instance:cz.muni.fi.pa165.bluebat.entity.TripTest@59402b8f]" started-at="2021-04-26T23:20:05 SELČ" name="tripInvalidDateTo" data-provider="valuesInvalidDates" finished-at="2021-04-26T23:20:05 SELČ" duration-ms="0" status="PASS">
          <params>
            <param index="0">
              <value is-null="true"/>
            </param>
          </params>
          <reporter-output>
          </reporter-output>
        </test-method> <!-- tripInvalidDateTo -->
        <test-method is-config="true" signature="springTestContextAfterTestMethod(java.lang.reflect.Method)[pri:0, instance:cz.muni.fi.pa165.bluebat.entity.TripTest@59402b8f]" started-at="2021-04-26T23:20:05 SELČ" name="springTestContextAfterTestMethod" finished-at="2021-04-26T23:20:05 SELČ" duration-ms="510" status="PASS">
          <params>
            <param index="0">
              <value>
                <![CDATA[public void cz.muni.fi.pa165.bluebat.entity.TripTest.tripInvalidDateTo(java.time.LocalDate)]]>
              </value>
            </param>
          </params>
          <reporter-output>
          </reporter-output>
        </test-method> <!-- springTestContextAfterTestMethod -->
        <test-method is-config="true" signature="springTestContextBeforeTestMethod(java.lang.reflect.Method)[pri:0, instance:cz.muni.fi.pa165.bluebat.entity.TripTest@59402b8f]" started-at="2021-04-26T23:20:05 SELČ" name="springTestContextBeforeTestMethod" finished-at="2021-04-26T23:20:06 SELČ" duration-ms="270" status="PASS">
          <params>
            <param index="0">
              <value>
                <![CDATA[public void cz.muni.fi.pa165.bluebat.entity.TripTest.tripInvalidDateTo(java.time.LocalDate)]]>
              </value>
            </param>
          </params>
          <reporter-output>
          </reporter-output>
        </test-method> <!-- springTestContextBeforeTestMethod -->
        <test-method is-config="true" signature="springTestContextAfterTestMethod(java.lang.reflect.Method)[pri:0, instance:cz.muni.fi.pa165.bluebat.entity.TripTest@59402b8f]" started-at="2021-04-26T23:20:06 SELČ" name="springTestContextAfterTestMethod" finished-at="2021-04-26T23:20:06 SELČ" duration-ms="510" status="PASS">
          <params>
            <param index="0">
              <value>
                <![CDATA[public void cz.muni.fi.pa165.bluebat.entity.TripTest.tripInvalidDateTo(java.time.LocalDate)]]>
              </value>
            </param>
          </params>
          <reporter-output>
          </reporter-output>
        </test-method> <!-- springTestContextAfterTestMethod -->
        <test-method signature="tripInvalidDateTo(java.time.LocalDate)[pri:0, instance:cz.muni.fi.pa165.bluebat.entity.TripTest@59402b8f]" started-at="2021-04-26T23:20:06 SELČ" name="tripInvalidDateTo" data-provider="valuesInvalidDates" finished-at="2021-04-26T23:20:06 SELČ" duration-ms="0" status="PASS">
          <params>
            <param index="0">
              <value>
                <![CDATA[2020-05-01]]>
              </value>
            </param>
          </params>
          <reporter-output>
          </reporter-output>
        </test-method> <!-- tripInvalidDateTo -->
        <test-method is-config="true" signature="springTestContextBeforeTestMethod(java.lang.reflect.Method)[pri:0, instance:cz.muni.fi.pa165.bluebat.entity.TripTest@59402b8f]" started-at="2021-04-26T23:20:06 SELČ" name="springTestContextBeforeTestMethod" finished-at="2021-04-26T23:20:06 SELČ" duration-ms="270" status="PASS">
          <params>
            <param index="0">
              <value>
                <![CDATA[public void cz.muni.fi.pa165.bluebat.entity.TripTest.tripInvalidDateTo(java.time.LocalDate)]]>
              </value>
            </param>
          </params>
          <reporter-output>
          </reporter-output>
        </test-method> <!-- springTestContextBeforeTestMethod -->
        <test-method signature="tripInvalidDateTo(java.time.LocalDate)[pri:0, instance:cz.muni.fi.pa165.bluebat.entity.TripTest@59402b8f]" started-at="2021-04-26T23:20:06 SELČ" name="tripInvalidDateTo" data-provider="valuesInvalidDates" finished-at="2021-04-26T23:20:06 SELČ" duration-ms="0" status="PASS">
          <params>
            <param index="0">
              <value>
                <![CDATA[1878-05-01]]>
              </value>
            </param>
          </params>
          <reporter-output>
          </reporter-output>
        </test-method> <!-- tripInvalidDateTo -->
        <test-method is-config="true" signature="springTestContextAfterTestMethod(java.lang.reflect.Method)[pri:0, instance:cz.muni.fi.pa165.bluebat.entity.TripTest@59402b8f]" started-at="2021-04-26T23:20:06 SELČ" name="springTestContextAfterTestMethod" finished-at="2021-04-26T23:20:07 SELČ" duration-ms="509" status="PASS">
          <params>
            <param index="0">
              <value>
                <![CDATA[public void cz.muni.fi.pa165.bluebat.entity.TripTest.tripInvalidDateTo(java.time.LocalDate)]]>
              </value>
            </param>
          </params>
          <reporter-output>
          </reporter-output>
        </test-method> <!-- springTestContextAfterTestMethod -->
        <test-method is-config="true" signature="springTestContextBeforeTestMethod(java.lang.reflect.Method)[pri:0, instance:cz.muni.fi.pa165.bluebat.entity.TripTest@59402b8f]" started-at="2021-04-26T23:20:07 SELČ" name="springTestContextBeforeTestMethod" finished-at="2021-04-26T23:20:07 SELČ" duration-ms="270" status="PASS">
          <params>
            <param index="0">
              <value>
                <![CDATA[public void cz.muni.fi.pa165.bluebat.entity.TripTest.tripInvalidDateTo(java.time.LocalDate)]]>
              </value>
            </param>
          </params>
          <reporter-output>
          </reporter-output>
        </test-method> <!-- springTestContextBeforeTestMethod -->
        <test-method signature="tripInvalidDateTo(java.time.LocalDate)[pri:0, instance:cz.muni.fi.pa165.bluebat.entity.TripTest@59402b8f]" started-at="2021-04-26T23:20:07 SELČ" name="tripInvalidDateTo" data-provider="valuesInvalidDates" finished-at="2021-04-26T23:20:07 SELČ" duration-ms="10" status="PASS">
          <params>
            <param index="0">
              <value>
                <![CDATA[0001-01-01]]>
              </value>
            </param>
          </params>
          <reporter-output>
          </reporter-output>
        </test-method> <!-- tripInvalidDateTo -->
        <test-method is-config="true" signature="springTestContextAfterTestMethod(java.lang.reflect.Method)[pri:0, instance:cz.muni.fi.pa165.bluebat.entity.TripTest@59402b8f]" started-at="2021-04-26T23:20:07 SELČ" name="springTestContextAfterTestMethod" finished-at="2021-04-26T23:20:08 SELČ" duration-ms="510" status="PASS">
          <params>
            <param index="0">
              <value>
                <![CDATA[public void cz.muni.fi.pa165.bluebat.entity.TripTest.tripInvalidDateTo(java.time.LocalDate)]]>
              </value>
            </param>
          </params>
          <reporter-output>
          </reporter-output>
        </test-method> <!-- springTestContextAfterTestMethod -->
        <test-method is-config="true" signature="springTestContextBeforeTestMethod(java.lang.reflect.Method)[pri:0, instance:cz.muni.fi.pa165.bluebat.entity.TripTest@59402b8f]" started-at="2021-04-26T23:20:08 SELČ" name="springTestContextBeforeTestMethod" finished-at="2021-04-26T23:20:08 SELČ" duration-ms="330" status="PASS">
          <params>
            <param index="0">
              <value>
                <![CDATA[public void cz.muni.fi.pa165.bluebat.entity.TripTest.tripInvalidDestination(java.lang.String)]]>
              </value>
            </param>
          </params>
          <reporter-output>
          </reporter-output>
        </test-method> <!-- springTestContextBeforeTestMethod -->
        <test-method signature="tripInvalidDestination(java.lang.String)[pri:0, instance:cz.muni.fi.pa165.bluebat.entity.TripTest@59402b8f]" started-at="2021-04-26T23:20:08 SELČ" name="tripInvalidDestination" data-provider="valuesInvalidStrings" finished-at="2021-04-26T23:20:08 SELČ" duration-ms="10" status="PASS">
          <params>
            <param index="0">
              <value is-null="true"/>
            </param>
          </params>
          <reporter-output>
          </reporter-output>
        </test-method> <!-- tripInvalidDestination -->
        <test-method is-config="true" signature="springTestContextAfterTestMethod(java.lang.reflect.Method)[pri:0, instance:cz.muni.fi.pa165.bluebat.entity.TripTest@59402b8f]" started-at="2021-04-26T23:20:08 SELČ" name="springTestContextAfterTestMethod" finished-at="2021-04-26T23:20:09 SELČ" duration-ms="510" status="PASS">
          <params>
            <param index="0">
              <value>
                <![CDATA[public void cz.muni.fi.pa165.bluebat.entity.TripTest.tripInvalidDestination(java.lang.String)]]>
              </value>
            </param>
          </params>
          <reporter-output>
          </reporter-output>
        </test-method> <!-- springTestContextAfterTestMethod -->
        <test-method is-config="true" signature="springTestContextBeforeTestMethod(java.lang.reflect.Method)[pri:0, instance:cz.muni.fi.pa165.bluebat.entity.TripTest@59402b8f]" started-at="2021-04-26T23:20:09 SELČ" name="springTestContextBeforeTestMethod" finished-at="2021-04-26T23:20:09 SELČ" duration-ms="270" status="PASS">
          <params>
            <param index="0">
              <value>
                <![CDATA[public void cz.muni.fi.pa165.bluebat.entity.TripTest.tripInvalidDestination(java.lang.String)]]>
              </value>
            </param>
          </params>
          <reporter-output>
          </reporter-output>
        </test-method> <!-- springTestContextBeforeTestMethod -->
        <test-method signature="tripInvalidDestination(java.lang.String)[pri:0, instance:cz.muni.fi.pa165.bluebat.entity.TripTest@59402b8f]" started-at="2021-04-26T23:20:09 SELČ" name="tripInvalidDestination" data-provider="valuesInvalidStrings" finished-at="2021-04-26T23:20:09 SELČ" duration-ms="0" status="PASS">
          <params>
            <param index="0">
              <value>
                <![CDATA[]]>
              </value>
            </param>
          </params>
          <reporter-output>
          </reporter-output>
        </test-method> <!-- tripInvalidDestination -->
        <test-method is-config="true" signature="springTestContextAfterTestMethod(java.lang.reflect.Method)[pri:0, instance:cz.muni.fi.pa165.bluebat.entity.TripTest@59402b8f]" started-at="2021-04-26T23:20:09 SELČ" name="springTestContextAfterTestMethod" finished-at="2021-04-26T23:20:09 SELČ" duration-ms="509" status="PASS">
          <params>
            <param index="0">
              <value>
                <![CDATA[public void cz.muni.fi.pa165.bluebat.entity.TripTest.tripInvalidDestination(java.lang.String)]]>
              </value>
            </param>
          </params>
          <reporter-output>
          </reporter-output>
        </test-method> <!-- springTestContextAfterTestMethod -->
        <test-method is-config="true" signature="springTestContextBeforeTestMethod(java.lang.reflect.Method)[pri:0, instance:cz.muni.fi.pa165.bluebat.entity.TripTest@59402b8f]" started-at="2021-04-26T23:20:09 SELČ" name="springTestContextBeforeTestMethod" finished-at="2021-04-26T23:20:10 SELČ" duration-ms="250" status="PASS">
          <params>
            <param index="0">
              <value>
                <![CDATA[public void cz.muni.fi.pa165.bluebat.entity.TripTest.tripInvalidDestination(java.lang.String)]]>
              </value>
            </param>
          </params>
          <reporter-output>
          </reporter-output>
        </test-method> <!-- springTestContextBeforeTestMethod -->
        <test-method is-config="true" signature="springTestContextAfterTestMethod(java.lang.reflect.Method)[pri:0, instance:cz.muni.fi.pa165.bluebat.entity.TripTest@59402b8f]" started-at="2021-04-26T23:20:10 SELČ" name="springTestContextAfterTestMethod" finished-at="2021-04-26T23:20:10 SELČ" duration-ms="512" status="PASS">
          <params>
            <param index="0">
              <value>
                <![CDATA[public void cz.muni.fi.pa165.bluebat.entity.TripTest.tripInvalidDestination(java.lang.String)]]>
              </value>
            </param>
          </params>
          <reporter-output>
          </reporter-output>
        </test-method> <!-- springTestContextAfterTestMethod -->
        <test-method signature="tripInvalidDestination(java.lang.String)[pri:0, instance:cz.muni.fi.pa165.bluebat.entity.TripTest@59402b8f]" started-at="2021-04-26T23:20:10 SELČ" name="tripInvalidDestination" data-provider="valuesInvalidStrings" finished-at="2021-04-26T23:20:10 SELČ" duration-ms="0" status="PASS">
          <params>
            <param index="0">
              <value>
                <![CDATA[ ]]>
              </value>
            </param>
          </params>
          <reporter-output>
          </reporter-output>
        </test-method> <!-- tripInvalidDestination -->
        <test-method is-config="true" signature="springTestContextBeforeTestMethod(java.lang.reflect.Method)[pri:0, instance:cz.muni.fi.pa165.bluebat.entity.TripTest@59402b8f]" started-at="2021-04-26T23:20:10 SELČ" name="springTestContextBeforeTestMethod" finished-at="2021-04-26T23:20:10 SELČ" duration-ms="278" status="PASS">
          <params>
            <param index="0">
              <value>
                <![CDATA[public void cz.muni.fi.pa165.bluebat.entity.TripTest.tripInvalidDestination(java.lang.String)]]>
              </value>
            </param>
          </params>
          <reporter-output>
          </reporter-output>
        </test-method> <!-- springTestContextBeforeTestMethod -->
        <test-method signature="tripInvalidDestination(java.lang.String)[pri:0, instance:cz.muni.fi.pa165.bluebat.entity.TripTest@59402b8f]" started-at="2021-04-26T23:20:10 SELČ" name="tripInvalidDestination" data-provider="valuesInvalidStrings" finished-at="2021-04-26T23:20:10 SELČ" duration-ms="10" status="PASS">
          <params>
            <param index="0">
              <value>
                <![CDATA[]]>
              </value>
            </param>
          </params>
          <reporter-output>
          </reporter-output>
        </test-method> <!-- tripInvalidDestination -->
        <test-method is-config="true" signature="springTestContextAfterTestMethod(java.lang.reflect.Method)[pri:0, instance:cz.muni.fi.pa165.bluebat.entity.TripTest@59402b8f]" started-at="2021-04-26T23:20:10 SELČ" name="springTestContextAfterTestMethod" finished-at="2021-04-26T23:20:11 SELČ" duration-ms="510" status="PASS">
          <params>
            <param index="0">
              <value>
                <![CDATA[public void cz.muni.fi.pa165.bluebat.entity.TripTest.tripInvalidDestination(java.lang.String)]]>
              </value>
            </param>
          </params>
          <reporter-output>
          </reporter-output>
        </test-method> <!-- springTestContextAfterTestMethod -->
        <test-method is-config="true" signature="springTestContextBeforeTestMethod(java.lang.reflect.Method)[pri:0, instance:cz.muni.fi.pa165.bluebat.entity.TripTest@59402b8f]" started-at="2021-04-26T23:20:11 SELČ" name="springTestContextBeforeTestMethod" finished-at="2021-04-26T23:20:11 SELČ" duration-ms="230" status="PASS">
          <params>
            <param index="0">
              <value>
                <![CDATA[public void cz.muni.fi.pa165.bluebat.entity.TripTest.tripInvalidDestination(java.lang.String)]]>
              </value>
            </param>
          </params>
          <reporter-output>
          </reporter-output>
        </test-method> <!-- springTestContextBeforeTestMethod -->
        <test-method signature="tripInvalidDestination(java.lang.String)[pri:0, instance:cz.muni.fi.pa165.bluebat.entity.TripTest@59402b8f]" started-at="2021-04-26T23:20:11 SELČ" name="tripInvalidDestination" data-provider="valuesInvalidStrings" finished-at="2021-04-26T23:20:11 SELČ" duration-ms="0" status="PASS">
          <params>
            <param index="0">
              <value>
                <![CDATA[
]]>
              </value>
            </param>
          </params>
          <reporter-output>
          </reporter-output>
        </test-method> <!-- tripInvalidDestination -->
        <test-method is-config="true" signature="springTestContextAfterTestMethod(java.lang.reflect.Method)[pri:0, instance:cz.muni.fi.pa165.bluebat.entity.TripTest@59402b8f]" started-at="2021-04-26T23:20:11 SELČ" name="springTestContextAfterTestMethod" finished-at="2021-04-26T23:20:12 SELČ" duration-ms="517" status="PASS">
          <params>
            <param index="0">
              <value>
                <![CDATA[public void cz.muni.fi.pa165.bluebat.entity.TripTest.tripInvalidDestination(java.lang.String)]]>
              </value>
            </param>
          </params>
          <reporter-output>
          </reporter-output>
        </test-method> <!-- springTestContextAfterTestMethod -->
        <test-method is-config="true" signature="springTestContextBeforeTestMethod(java.lang.reflect.Method)[pri:0, instance:cz.muni.fi.pa165.bluebat.entity.TripTest@59402b8f]" started-at="2021-04-26T23:20:12 SELČ" name="springTestContextBeforeTestMethod" finished-at="2021-04-26T23:20:12 SELČ" duration-ms="240" status="PASS">
          <params>
            <param index="0">
              <value>
                <![CDATA[public void cz.muni.fi.pa165.bluebat.entity.TripTest.tripInvalidName(java.lang.String)]]>
              </value>
            </param>
          </params>
          <reporter-output>
          </reporter-output>
        </test-method> <!-- springTestContextBeforeTestMethod -->
        <test-method signature="tripInvalidName(java.lang.String)[pri:0, instance:cz.muni.fi.pa165.bluebat.entity.TripTest@59402b8f]" started-at="2021-04-26T23:20:12 SELČ" name="tripInvalidName" data-provider="valuesInvalidStrings" finished-at="2021-04-26T23:20:12 SELČ" duration-ms="0" status="PASS">
          <params>
            <param index="0">
              <value is-null="true"/>
            </param>
          </params>
          <reporter-output>
          </reporter-output>
        </test-method> <!-- tripInvalidName -->
        <test-method is-config="true" signature="springTestContextAfterTestMethod(java.lang.reflect.Method)[pri:0, instance:cz.muni.fi.pa165.bluebat.entity.TripTest@59402b8f]" started-at="2021-04-26T23:20:12 SELČ" name="springTestContextAfterTestMethod" finished-at="2021-04-26T23:20:12 SELČ" duration-ms="510" status="PASS">
          <params>
            <param index="0">
              <value>
                <![CDATA[public void cz.muni.fi.pa165.bluebat.entity.TripTest.tripInvalidName(java.lang.String)]]>
              </value>
            </param>
          </params>
          <reporter-output>
          </reporter-output>
        </test-method> <!-- springTestContextAfterTestMethod -->
        <test-method is-config="true" signature="springTestContextBeforeTestMethod(java.lang.reflect.Method)[pri:0, instance:cz.muni.fi.pa165.bluebat.entity.TripTest@59402b8f]" started-at="2021-04-26T23:20:12 SELČ" name="springTestContextBeforeTestMethod" finished-at="2021-04-26T23:20:13 SELČ" duration-ms="240" status="PASS">
          <params>
            <param index="0">
              <value>
                <![CDATA[public void cz.muni.fi.pa165.bluebat.entity.TripTest.tripInvalidName(java.lang.String)]]>
              </value>
            </param>
          </params>
          <reporter-output>
          </reporter-output>
        </test-method> <!-- springTestContextBeforeTestMethod -->
        <test-method signature="tripInvalidName(java.lang.String)[pri:0, instance:cz.muni.fi.pa165.bluebat.entity.TripTest@59402b8f]" started-at="2021-04-26T23:20:13 SELČ" name="tripInvalidName" data-provider="valuesInvalidStrings" finished-at="2021-04-26T23:20:13 SELČ" duration-ms="10" status="PASS">
          <params>
            <param index="0">
              <value>
                <![CDATA[]]>
              </value>
            </param>
          </params>
          <reporter-output>
          </reporter-output>
        </test-method> <!-- tripInvalidName -->
        <test-method is-config="true" signature="springTestContextAfterTestMethod(java.lang.reflect.Method)[pri:0, instance:cz.muni.fi.pa165.bluebat.entity.TripTest@59402b8f]" started-at="2021-04-26T23:20:13 SELČ" name="springTestContextAfterTestMethod" finished-at="2021-04-26T23:20:13 SELČ" duration-ms="510" status="PASS">
          <params>
            <param index="0">
              <value>
                <![CDATA[public void cz.muni.fi.pa165.bluebat.entity.TripTest.tripInvalidName(java.lang.String)]]>
              </value>
            </param>
          </params>
          <reporter-output>
          </reporter-output>
        </test-method> <!-- springTestContextAfterTestMethod -->
        <test-method is-config="true" signature="springTestContextBeforeTestMethod(java.lang.reflect.Method)[pri:0, instance:cz.muni.fi.pa165.bluebat.entity.TripTest@59402b8f]" started-at="2021-04-26T23:20:13 SELČ" name="springTestContextBeforeTestMethod" finished-at="2021-04-26T23:20:13 SELČ" duration-ms="249" status="PASS">
          <params>
            <param index="0">
              <value>
                <![CDATA[public void cz.muni.fi.pa165.bluebat.entity.TripTest.tripInvalidName(java.lang.String)]]>
              </value>
            </param>
          </params>
          <reporter-output>
          </reporter-output>
        </test-method> <!-- springTestContextBeforeTestMethod -->
        <test-method is-config="true" signature="springTestContextAfterTestMethod(java.lang.reflect.Method)[pri:0, instance:cz.muni.fi.pa165.bluebat.entity.TripTest@59402b8f]" started-at="2021-04-26T23:20:13 SELČ" name="springTestContextAfterTestMethod" finished-at="2021-04-26T23:20:14 SELČ" duration-ms="520" status="PASS">
          <params>
            <param index="0">
              <value>
                <![CDATA[public void cz.muni.fi.pa165.bluebat.entity.TripTest.tripInvalidName(java.lang.String)]]>
              </value>
            </param>
          </params>
          <reporter-output>
          </reporter-output>
        </test-method> <!-- springTestContextAfterTestMethod -->
        <test-method signature="tripInvalidName(java.lang.String)[pri:0, instance:cz.muni.fi.pa165.bluebat.entity.TripTest@59402b8f]" started-at="2021-04-26T23:20:13 SELČ" name="tripInvalidName" data-provider="valuesInvalidStrings" finished-at="2021-04-26T23:20:13 SELČ" duration-ms="0" status="PASS">
          <params>
            <param index="0">
              <value>
                <![CDATA[ ]]>
              </value>
            </param>
          </params>
          <reporter-output>
          </reporter-output>
        </test-method> <!-- tripInvalidName -->
        <test-method is-config="true" signature="springTestContextBeforeTestMethod(java.lang.reflect.Method)[pri:0, instance:cz.muni.fi.pa165.bluebat.entity.TripTest@59402b8f]" started-at="2021-04-26T23:20:14 SELČ" name="springTestContextBeforeTestMethod" finished-at="2021-04-26T23:20:14 SELČ" duration-ms="240" status="PASS">
          <params>
            <param index="0">
              <value>
                <![CDATA[public void cz.muni.fi.pa165.bluebat.entity.TripTest.tripInvalidName(java.lang.String)]]>
              </value>
            </param>
          </params>
          <reporter-output>
          </reporter-output>
        </test-method> <!-- springTestContextBeforeTestMethod -->
        <test-method signature="tripInvalidName(java.lang.String)[pri:0, instance:cz.muni.fi.pa165.bluebat.entity.TripTest@59402b8f]" started-at="2021-04-26T23:20:14 SELČ" name="tripInvalidName" data-provider="valuesInvalidStrings" finished-at="2021-04-26T23:20:14 SELČ" duration-ms="0" status="PASS">
          <params>
            <param index="0">
              <value>
                <![CDATA[]]>
              </value>
            </param>
          </params>
          <reporter-output>
          </reporter-output>
        </test-method> <!-- tripInvalidName -->
        <test-method is-config="true" signature="springTestContextAfterTestMethod(java.lang.reflect.Method)[pri:0, instance:cz.muni.fi.pa165.bluebat.entity.TripTest@59402b8f]" started-at="2021-04-26T23:20:14 SELČ" name="springTestContextAfterTestMethod" finished-at="2021-04-26T23:20:15 SELČ" duration-ms="511" status="PASS">
          <params>
            <param index="0">
              <value>
                <![CDATA[public void cz.muni.fi.pa165.bluebat.entity.TripTest.tripInvalidName(java.lang.String)]]>
              </value>
            </param>
          </params>
          <reporter-output>
          </reporter-output>
        </test-method> <!-- springTestContextAfterTestMethod -->
        <test-method is-config="true" signature="springTestContextBeforeTestMethod(java.lang.reflect.Method)[pri:0, instance:cz.muni.fi.pa165.bluebat.entity.TripTest@59402b8f]" started-at="2021-04-26T23:20:15 SELČ" name="springTestContextBeforeTestMethod" finished-at="2021-04-26T23:20:15 SELČ" duration-ms="212" status="PASS">
          <params>
            <param index="0">
              <value>
                <![CDATA[public void cz.muni.fi.pa165.bluebat.entity.TripTest.tripInvalidName(java.lang.String)]]>
              </value>
            </param>
          </params>
          <reporter-output>
          </reporter-output>
        </test-method> <!-- springTestContextBeforeTestMethod -->
        <test-method signature="tripInvalidName(java.lang.String)[pri:0, instance:cz.muni.fi.pa165.bluebat.entity.TripTest@59402b8f]" started-at="2021-04-26T23:20:15 SELČ" name="tripInvalidName" data-provider="valuesInvalidStrings" finished-at="2021-04-26T23:20:15 SELČ" duration-ms="10" status="PASS">
          <params>
            <param index="0">
              <value>
                <![CDATA[
]]>
              </value>
            </param>
          </params>
          <reporter-output>
          </reporter-output>
        </test-method> <!-- tripInvalidName -->
        <test-method is-config="true" signature="springTestContextAfterTestMethod(java.lang.reflect.Method)[pri:0, instance:cz.muni.fi.pa165.bluebat.entity.TripTest@59402b8f]" started-at="2021-04-26T23:20:15 SELČ" name="springTestContextAfterTestMethod" finished-at="2021-04-26T23:20:15 SELČ" duration-ms="508" status="PASS">
          <params>
            <param index="0">
              <value>
                <![CDATA[public void cz.muni.fi.pa165.bluebat.entity.TripTest.tripInvalidName(java.lang.String)]]>
              </value>
            </param>
          </params>
          <reporter-output>
          </reporter-output>
        </test-method> <!-- springTestContextAfterTestMethod -->
        <test-method is-config="true" signature="springTestContextAfterTestClass()[pri:0, instance:cz.muni.fi.pa165.bluebat.entity.TripTest@59402b8f]" started-at="2021-04-26T23:20:15 SELČ" name="springTestContextAfterTestClass" finished-at="2021-04-26T23:20:15 SELČ" duration-ms="0" status="PASS">
          <reporter-output>
          </reporter-output>
        </test-method> <!-- springTestContextAfterTestClass -->
      </class> <!-- cz.muni.fi.pa165.bluebat.entity.TripTest -->
      <class name="cz.muni.fi.pa165.bluebat.dao.CustomerDaoImplTest">
        <test-method is-config="true" signature="springTestContextPrepareTestInstance()[pri:0, instance:cz.muni.fi.pa165.bluebat.dao.CustomerDaoImplTest@8f2ef19]" started-at="2021-04-26T23:18:44 SELČ" name="springTestContextPrepareTestInstance" finished-at="2021-04-26T23:18:48 SELČ" depends-on-methods="org.springframework.test.context.testng.AbstractTestNGSpringContextTests.springTestContextBeforeTestClass" duration-ms="3590" status="PASS">
          <reporter-output>
          </reporter-output>
        </test-method> <!-- springTestContextPrepareTestInstance -->
        <test-method is-config="true" signature="springTestContextBeforeTestClass()[pri:0, instance:cz.muni.fi.pa165.bluebat.dao.CustomerDaoImplTest@8f2ef19]" started-at="2021-04-26T23:18:44 SELČ" name="springTestContextBeforeTestClass" finished-at="2021-04-26T23:18:44 SELČ" duration-ms="0" status="PASS">
          <reporter-output>
          </reporter-output>
        </test-method> <!-- springTestContextBeforeTestClass -->
        <test-method is-config="true" signature="springTestContextBeforeTestMethod(java.lang.reflect.Method)[pri:0, instance:cz.muni.fi.pa165.bluebat.dao.CustomerDaoImplTest@8f2ef19]" started-at="2021-04-26T23:18:48 SELČ" name="springTestContextBeforeTestMethod" finished-at="2021-04-26T23:18:48 SELČ" duration-ms="70" status="PASS">
          <params>
            <param index="0">
              <value>
                <![CDATA[public void cz.muni.fi.pa165.bluebat.dao.CustomerDaoImplTest.create_null_InvalidDataAccessApiUsageException()]]>
              </value>
            </param>
          </params>
          <reporter-output>
          </reporter-output>
        </test-method> <!-- springTestContextBeforeTestMethod -->
        <test-method is-config="true" signature="setup()[pri:0, instance:cz.muni.fi.pa165.bluebat.dao.CustomerDaoImplTest@8f2ef19]" started-at="2021-04-26T23:18:48 SELČ" name="setup" finished-at="2021-04-26T23:18:48 SELČ" duration-ms="110" status="PASS">
          <reporter-output>
          </reporter-output>
        </test-method> <!-- setup -->
        <test-method signature="create_null_InvalidDataAccessApiUsageException()[pri:0, instance:cz.muni.fi.pa165.bluebat.dao.CustomerDaoImplTest@8f2ef19]" started-at="2021-04-26T23:18:48 SELČ" name="create_null_InvalidDataAccessApiUsageException" finished-at="2021-04-26T23:18:48 SELČ" duration-ms="10" status="PASS">
          <reporter-output>
          </reporter-output>
        </test-method> <!-- create_null_InvalidDataAccessApiUsageException -->
        <test-method is-config="true" signature="springTestContextAfterTestMethod(java.lang.reflect.Method)[pri:0, instance:cz.muni.fi.pa165.bluebat.dao.CustomerDaoImplTest@8f2ef19]" started-at="2021-04-26T23:18:48 SELČ" name="springTestContextAfterTestMethod" finished-at="2021-04-26T23:18:48 SELČ" duration-ms="540" status="PASS">
          <params>
            <param index="0">
              <value>
                <![CDATA[public void cz.muni.fi.pa165.bluebat.dao.CustomerDaoImplTest.create_null_InvalidDataAccessApiUsageException()]]>
              </value>
            </param>
          </params>
          <reporter-output>
          </reporter-output>
        </test-method> <!-- springTestContextAfterTestMethod -->
        <test-method is-config="true" signature="springTestContextBeforeTestMethod(java.lang.reflect.Method)[pri:0, instance:cz.muni.fi.pa165.bluebat.dao.CustomerDaoImplTest@8f2ef19]" started-at="2021-04-26T23:18:48 SELČ" name="springTestContextBeforeTestMethod" finished-at="2021-04-26T23:18:49 SELČ" duration-ms="809" status="PASS">
          <params>
            <param index="0">
              <value>
                <![CDATA[public void cz.muni.fi.pa165.bluebat.dao.CustomerDaoImplTest.create_valid()]]>
              </value>
            </param>
          </params>
          <reporter-output>
          </reporter-output>
        </test-method> <!-- springTestContextBeforeTestMethod -->
        <test-method is-config="true" signature="setup()[pri:0, instance:cz.muni.fi.pa165.bluebat.dao.CustomerDaoImplTest@8f2ef19]" started-at="2021-04-26T23:18:49 SELČ" name="setup" finished-at="2021-04-26T23:18:49 SELČ" duration-ms="20" status="PASS">
          <reporter-output>
          </reporter-output>
        </test-method> <!-- setup -->
        <test-method signature="create_valid()[pri:0, instance:cz.muni.fi.pa165.bluebat.dao.CustomerDaoImplTest@8f2ef19]" started-at="2021-04-26T23:18:49 SELČ" name="create_valid" finished-at="2021-04-26T23:18:49 SELČ" duration-ms="20" status="PASS">
          <reporter-output>
          </reporter-output>
        </test-method> <!-- create_valid -->
        <test-method is-config="true" signature="springTestContextAfterTestMethod(java.lang.reflect.Method)[pri:0, instance:cz.muni.fi.pa165.bluebat.dao.CustomerDaoImplTest@8f2ef19]" started-at="2021-04-26T23:18:49 SELČ" name="springTestContextAfterTestMethod" finished-at="2021-04-26T23:18:50 SELČ" duration-ms="515" status="PASS">
          <params>
            <param index="0">
              <value>
                <![CDATA[public void cz.muni.fi.pa165.bluebat.dao.CustomerDaoImplTest.create_valid()]]>
              </value>
            </param>
          </params>
          <reporter-output>
          </reporter-output>
        </test-method> <!-- springTestContextAfterTestMethod -->
        <test-method is-config="true" signature="springTestContextBeforeTestMethod(java.lang.reflect.Method)[pri:0, instance:cz.muni.fi.pa165.bluebat.dao.CustomerDaoImplTest@8f2ef19]" started-at="2021-04-26T23:18:50 SELČ" name="springTestContextBeforeTestMethod" finished-at="2021-04-26T23:18:51 SELČ" duration-ms="899" status="PASS">
          <params>
            <param index="0">
              <value>
                <![CDATA[public void cz.muni.fi.pa165.bluebat.dao.CustomerDaoImplTest.delete_notInserted()]]>
              </value>
            </param>
          </params>
          <reporter-output>
          </reporter-output>
        </test-method> <!-- springTestContextBeforeTestMethod -->
        <test-method is-config="true" signature="setup()[pri:0, instance:cz.muni.fi.pa165.bluebat.dao.CustomerDaoImplTest@8f2ef19]" started-at="2021-04-26T23:18:51 SELČ" name="setup" finished-at="2021-04-26T23:18:51 SELČ" duration-ms="20" status="PASS">
          <reporter-output>
          </reporter-output>
        </test-method> <!-- setup -->
        <test-method signature="delete_notInserted()[pri:0, instance:cz.muni.fi.pa165.bluebat.dao.CustomerDaoImplTest@8f2ef19]" started-at="2021-04-26T23:18:51 SELČ" name="delete_notInserted" finished-at="2021-04-26T23:18:51 SELČ" duration-ms="19" status="PASS">
          <reporter-output>
          </reporter-output>
        </test-method> <!-- delete_notInserted -->
        <test-method is-config="true" signature="springTestContextAfterTestMethod(java.lang.reflect.Method)[pri:0, instance:cz.muni.fi.pa165.bluebat.dao.CustomerDaoImplTest@8f2ef19]" started-at="2021-04-26T23:18:51 SELČ" name="springTestContextAfterTestMethod" finished-at="2021-04-26T23:18:51 SELČ" duration-ms="536" status="PASS">
          <params>
            <param index="0">
              <value>
                <![CDATA[public void cz.muni.fi.pa165.bluebat.dao.CustomerDaoImplTest.delete_notInserted()]]>
              </value>
            </param>
          </params>
          <reporter-output>
          </reporter-output>
        </test-method> <!-- springTestContextAfterTestMethod -->
        <test-method is-config="true" signature="springTestContextBeforeTestMethod(java.lang.reflect.Method)[pri:0, instance:cz.muni.fi.pa165.bluebat.dao.CustomerDaoImplTest@8f2ef19]" started-at="2021-04-26T23:18:51 SELČ" name="springTestContextBeforeTestMethod" finished-at="2021-04-26T23:18:52 SELČ" duration-ms="814" status="PASS">
          <params>
            <param index="0">
              <value>
                <![CDATA[public void cz.muni.fi.pa165.bluebat.dao.CustomerDaoImplTest.delete_null_InvalidDataAccessApiUsageException()]]>
              </value>
            </param>
          </params>
          <reporter-output>
          </reporter-output>
        </test-method> <!-- springTestContextBeforeTestMethod -->
        <test-method is-config="true" signature="setup()[pri:0, instance:cz.muni.fi.pa165.bluebat.dao.CustomerDaoImplTest@8f2ef19]" started-at="2021-04-26T23:18:52 SELČ" name="setup" finished-at="2021-04-26T23:18:52 SELČ" duration-ms="18" status="PASS">
          <reporter-output>
          </reporter-output>
        </test-method> <!-- setup -->
        <test-method is-config="true" signature="springTestContextAfterTestMethod(java.lang.reflect.Method)[pri:0, instance:cz.muni.fi.pa165.bluebat.dao.CustomerDaoImplTest@8f2ef19]" started-at="2021-04-26T23:18:52 SELČ" name="springTestContextAfterTestMethod" finished-at="2021-04-26T23:18:53 SELČ" duration-ms="515" status="PASS">
          <params>
            <param index="0">
              <value>
                <![CDATA[public void cz.muni.fi.pa165.bluebat.dao.CustomerDaoImplTest.delete_null_InvalidDataAccessApiUsageException()]]>
              </value>
            </param>
          </params>
          <reporter-output>
          </reporter-output>
        </test-method> <!-- springTestContextAfterTestMethod -->
        <test-method signature="delete_null_InvalidDataAccessApiUsageException()[pri:0, instance:cz.muni.fi.pa165.bluebat.dao.CustomerDaoImplTest@8f2ef19]" started-at="2021-04-26T23:18:52 SELČ" name="delete_null_InvalidDataAccessApiUsageException" finished-at="2021-04-26T23:18:52 SELČ" duration-ms="0" status="PASS">
          <reporter-output>
          </reporter-output>
        </test-method> <!-- delete_null_InvalidDataAccessApiUsageException -->
        <test-method is-config="true" signature="springTestContextBeforeTestMethod(java.lang.reflect.Method)[pri:0, instance:cz.muni.fi.pa165.bluebat.dao.CustomerDaoImplTest@8f2ef19]" started-at="2021-04-26T23:18:53 SELČ" name="springTestContextBeforeTestMethod" finished-at="2021-04-26T23:18:54 SELČ" duration-ms="848" status="PASS">
          <params>
            <param index="0">
              <value>
                <![CDATA[public void cz.muni.fi.pa165.bluebat.dao.CustomerDaoImplTest.delete_valid()]]>
              </value>
            </param>
          </params>
          <reporter-output>
          </reporter-output>
        </test-method> <!-- springTestContextBeforeTestMethod -->
        <test-method is-config="true" signature="setup()[pri:0, instance:cz.muni.fi.pa165.bluebat.dao.CustomerDaoImplTest@8f2ef19]" started-at="2021-04-26T23:18:54 SELČ" name="setup" finished-at="2021-04-26T23:18:54 SELČ" duration-ms="18" status="PASS">
          <reporter-output>
          </reporter-output>
        </test-method> <!-- setup -->
        <test-method signature="delete_valid()[pri:0, instance:cz.muni.fi.pa165.bluebat.dao.CustomerDaoImplTest@8f2ef19]" started-at="2021-04-26T23:18:54 SELČ" name="delete_valid" finished-at="2021-04-26T23:18:54 SELČ" duration-ms="63" status="PASS">
          <reporter-output>
          </reporter-output>
        </test-method> <!-- delete_valid -->
        <test-method is-config="true" signature="springTestContextAfterTestMethod(java.lang.reflect.Method)[pri:0, instance:cz.muni.fi.pa165.bluebat.dao.CustomerDaoImplTest@8f2ef19]" started-at="2021-04-26T23:18:54 SELČ" name="springTestContextAfterTestMethod" finished-at="2021-04-26T23:18:54 SELČ" duration-ms="520" status="PASS">
          <params>
            <param index="0">
              <value>
                <![CDATA[public void cz.muni.fi.pa165.bluebat.dao.CustomerDaoImplTest.delete_valid()]]>
              </value>
            </param>
          </params>
          <reporter-output>
          </reporter-output>
        </test-method> <!-- springTestContextAfterTestMethod -->
        <test-method is-config="true" signature="springTestContextBeforeTestMethod(java.lang.reflect.Method)[pri:0, instance:cz.muni.fi.pa165.bluebat.dao.CustomerDaoImplTest@8f2ef19]" started-at="2021-04-26T23:18:54 SELČ" name="springTestContextBeforeTestMethod" finished-at="2021-04-26T23:18:55 SELČ" duration-ms="629" status="PASS">
          <params>
            <param index="0">
              <value>
                <![CDATA[public void cz.muni.fi.pa165.bluebat.dao.CustomerDaoImplTest.findAll_doesNotThrow()]]>
              </value>
            </param>
          </params>
          <reporter-output>
          </reporter-output>
        </test-method> <!-- springTestContextBeforeTestMethod -->
        <test-method is-config="true" signature="setup()[pri:0, instance:cz.muni.fi.pa165.bluebat.dao.CustomerDaoImplTest@8f2ef19]" started-at="2021-04-26T23:18:55 SELČ" name="setup" finished-at="2021-04-26T23:18:55 SELČ" duration-ms="20" status="PASS">
          <reporter-output>
          </reporter-output>
        </test-method> <!-- setup -->
        <test-method signature="findAll_doesNotThrow()[pri:0, instance:cz.muni.fi.pa165.bluebat.dao.CustomerDaoImplTest@8f2ef19]" started-at="2021-04-26T23:18:55 SELČ" name="findAll_doesNotThrow" finished-at="2021-04-26T23:18:55 SELČ" duration-ms="200" status="PASS">
          <reporter-output>
          </reporter-output>
        </test-method> <!-- findAll_doesNotThrow -->
        <test-method is-config="true" signature="springTestContextAfterTestMethod(java.lang.reflect.Method)[pri:0, instance:cz.muni.fi.pa165.bluebat.dao.CustomerDaoImplTest@8f2ef19]" started-at="2021-04-26T23:18:55 SELČ" name="springTestContextAfterTestMethod" finished-at="2021-04-26T23:18:55 SELČ" duration-ms="520" status="PASS">
          <params>
            <param index="0">
              <value>
                <![CDATA[public void cz.muni.fi.pa165.bluebat.dao.CustomerDaoImplTest.findAll_doesNotThrow()]]>
              </value>
            </param>
          </params>
          <reporter-output>
          </reporter-output>
        </test-method> <!-- springTestContextAfterTestMethod -->
        <test-method is-config="true" signature="springTestContextBeforeTestMethod(java.lang.reflect.Method)[pri:0, instance:cz.muni.fi.pa165.bluebat.dao.CustomerDaoImplTest@8f2ef19]" started-at="2021-04-26T23:18:55 SELČ" name="springTestContextBeforeTestMethod" finished-at="2021-04-26T23:18:56 SELČ" duration-ms="519" status="PASS">
          <params>
            <param index="0">
              <value>
                <![CDATA[public void cz.muni.fi.pa165.bluebat.dao.CustomerDaoImplTest.findAll_oneDeleted()]]>
              </value>
            </param>
          </params>
          <reporter-output>
          </reporter-output>
        </test-method> <!-- springTestContextBeforeTestMethod -->
        <test-method is-config="true" signature="setup()[pri:0, instance:cz.muni.fi.pa165.bluebat.dao.CustomerDaoImplTest@8f2ef19]" started-at="2021-04-26T23:18:56 SELČ" name="setup" finished-at="2021-04-26T23:18:56 SELČ" duration-ms="20" status="PASS">
          <reporter-output>
          </reporter-output>
        </test-method> <!-- setup -->
        <test-method signature="findAll_oneDeleted()[pri:0, instance:cz.muni.fi.pa165.bluebat.dao.CustomerDaoImplTest@8f2ef19]" started-at="2021-04-26T23:18:56 SELČ" name="findAll_oneDeleted" finished-at="2021-04-26T23:18:56 SELČ" duration-ms="70" status="PASS">
          <reporter-output>
          </reporter-output>
        </test-method> <!-- findAll_oneDeleted -->
        <test-method is-config="true" signature="springTestContextAfterTestMethod(java.lang.reflect.Method)[pri:0, instance:cz.muni.fi.pa165.bluebat.dao.CustomerDaoImplTest@8f2ef19]" started-at="2021-04-26T23:18:56 SELČ" name="springTestContextAfterTestMethod" finished-at="2021-04-26T23:18:57 SELČ" duration-ms="534" status="PASS">
          <params>
            <param index="0">
              <value>
                <![CDATA[public void cz.muni.fi.pa165.bluebat.dao.CustomerDaoImplTest.findAll_oneDeleted()]]>
              </value>
            </param>
          </params>
          <reporter-output>
          </reporter-output>
        </test-method> <!-- springTestContextAfterTestMethod -->
        <test-method is-config="true" signature="springTestContextBeforeTestMethod(java.lang.reflect.Method)[pri:0, instance:cz.muni.fi.pa165.bluebat.dao.CustomerDaoImplTest@8f2ef19]" started-at="2021-04-26T23:18:57 SELČ" name="springTestContextBeforeTestMethod" finished-at="2021-04-26T23:18:57 SELČ" duration-ms="656" status="PASS">
          <params>
            <param index="0">
              <value>
                <![CDATA[public void cz.muni.fi.pa165.bluebat.dao.CustomerDaoImplTest.findAll_oneInserted()]]>
              </value>
            </param>
          </params>
          <reporter-output>
          </reporter-output>
        </test-method> <!-- springTestContextBeforeTestMethod -->
        <test-method is-config="true" signature="setup()[pri:0, instance:cz.muni.fi.pa165.bluebat.dao.CustomerDaoImplTest@8f2ef19]" started-at="2021-04-26T23:18:57 SELČ" name="setup" finished-at="2021-04-26T23:18:57 SELČ" duration-ms="14" status="PASS">
          <reporter-output>
          </reporter-output>
        </test-method> <!-- setup -->
        <test-method signature="findAll_oneInserted()[pri:0, instance:cz.muni.fi.pa165.bluebat.dao.CustomerDaoImplTest@8f2ef19]" started-at="2021-04-26T23:18:57 SELČ" name="findAll_oneInserted" finished-at="2021-04-26T23:18:57 SELČ" duration-ms="58" status="PASS">
          <reporter-output>
          </reporter-output>
        </test-method> <!-- findAll_oneInserted -->
        <test-method is-config="true" signature="springTestContextAfterTestMethod(java.lang.reflect.Method)[pri:0, instance:cz.muni.fi.pa165.bluebat.dao.CustomerDaoImplTest@8f2ef19]" started-at="2021-04-26T23:18:57 SELČ" name="springTestContextAfterTestMethod" finished-at="2021-04-26T23:18:58 SELČ" duration-ms="513" status="PASS">
          <params>
            <param index="0">
              <value>
                <![CDATA[public void cz.muni.fi.pa165.bluebat.dao.CustomerDaoImplTest.findAll_oneInserted()]]>
              </value>
            </param>
          </params>
          <reporter-output>
          </reporter-output>
        </test-method> <!-- springTestContextAfterTestMethod -->
        <test-method is-config="true" signature="springTestContextBeforeTestMethod(java.lang.reflect.Method)[pri:0, instance:cz.muni.fi.pa165.bluebat.dao.CustomerDaoImplTest@8f2ef19]" started-at="2021-04-26T23:18:58 SELČ" name="springTestContextBeforeTestMethod" finished-at="2021-04-26T23:18:59 SELČ" duration-ms="805" status="PASS">
          <params>
            <param index="0">
              <value>
                <![CDATA[public void cz.muni.fi.pa165.bluebat.dao.CustomerDaoImplTest.findById_notInserted()]]>
              </value>
            </param>
          </params>
          <reporter-output>
          </reporter-output>
        </test-method> <!-- springTestContextBeforeTestMethod -->
        <test-method is-config="true" signature="setup()[pri:0, instance:cz.muni.fi.pa165.bluebat.dao.CustomerDaoImplTest@8f2ef19]" started-at="2021-04-26T23:18:59 SELČ" name="setup" finished-at="2021-04-26T23:18:59 SELČ" duration-ms="18" status="PASS">
          <reporter-output>
          </reporter-output>
        </test-method> <!-- setup -->
        <test-method signature="findById_notInserted()[pri:0, instance:cz.muni.fi.pa165.bluebat.dao.CustomerDaoImplTest@8f2ef19]" started-at="2021-04-26T23:18:59 SELČ" name="findById_notInserted" finished-at="2021-04-26T23:18:59 SELČ" duration-ms="20" status="PASS">
          <reporter-output>
          </reporter-output>
        </test-method> <!-- findById_notInserted -->
        <test-method is-config="true" signature="springTestContextAfterTestMethod(java.lang.reflect.Method)[pri:0, instance:cz.muni.fi.pa165.bluebat.dao.CustomerDaoImplTest@8f2ef19]" started-at="2021-04-26T23:18:59 SELČ" name="springTestContextAfterTestMethod" finished-at="2021-04-26T23:18:59 SELČ" duration-ms="521" status="PASS">
          <params>
            <param index="0">
              <value>
                <![CDATA[public void cz.muni.fi.pa165.bluebat.dao.CustomerDaoImplTest.findById_notInserted()]]>
              </value>
            </param>
          </params>
          <reporter-output>
          </reporter-output>
        </test-method> <!-- springTestContextAfterTestMethod -->
        <test-method is-config="true" signature="springTestContextBeforeTestMethod(java.lang.reflect.Method)[pri:0, instance:cz.muni.fi.pa165.bluebat.dao.CustomerDaoImplTest@8f2ef19]" started-at="2021-04-26T23:18:59 SELČ" name="springTestContextBeforeTestMethod" finished-at="2021-04-26T23:19:00 SELČ" duration-ms="630" status="PASS">
          <params>
            <param index="0">
              <value>
                <![CDATA[public void cz.muni.fi.pa165.bluebat.dao.CustomerDaoImplTest.findById_removedCustomer()]]>
              </value>
            </param>
          </params>
          <reporter-output>
          </reporter-output>
        </test-method> <!-- springTestContextBeforeTestMethod -->
        <test-method is-config="true" signature="setup()[pri:0, instance:cz.muni.fi.pa165.bluebat.dao.CustomerDaoImplTest@8f2ef19]" started-at="2021-04-26T23:19:00 SELČ" name="setup" finished-at="2021-04-26T23:19:00 SELČ" duration-ms="10" status="PASS">
          <reporter-output>
          </reporter-output>
        </test-method> <!-- setup -->
        <test-method signature="findById_removedCustomer()[pri:0, instance:cz.muni.fi.pa165.bluebat.dao.CustomerDaoImplTest@8f2ef19]" started-at="2021-04-26T23:19:00 SELČ" name="findById_removedCustomer" finished-at="2021-04-26T23:19:00 SELČ" duration-ms="40" status="PASS">
          <reporter-output>
          </reporter-output>
        </test-method> <!-- findById_removedCustomer -->
        <test-method is-config="true" signature="springTestContextAfterTestMethod(java.lang.reflect.Method)[pri:0, instance:cz.muni.fi.pa165.bluebat.dao.CustomerDaoImplTest@8f2ef19]" started-at="2021-04-26T23:19:00 SELČ" name="springTestContextAfterTestMethod" finished-at="2021-04-26T23:19:00 SELČ" duration-ms="519" status="PASS">
          <params>
            <param index="0">
              <value>
                <![CDATA[public void cz.muni.fi.pa165.bluebat.dao.CustomerDaoImplTest.findById_removedCustomer()]]>
              </value>
            </param>
          </params>
          <reporter-output>
          </reporter-output>
        </test-method> <!-- springTestContextAfterTestMethod -->
        <test-method is-config="true" signature="springTestContextBeforeTestMethod(java.lang.reflect.Method)[pri:0, instance:cz.muni.fi.pa165.bluebat.dao.CustomerDaoImplTest@8f2ef19]" started-at="2021-04-26T23:19:00 SELČ" name="springTestContextBeforeTestMethod" finished-at="2021-04-26T23:19:01 SELČ" duration-ms="704" status="PASS">
          <params>
            <param index="0">
              <value>
                <![CDATA[public void cz.muni.fi.pa165.bluebat.dao.CustomerDaoImplTest.findById_valid()]]>
              </value>
            </param>
          </params>
          <reporter-output>
          </reporter-output>
        </test-method> <!-- springTestContextBeforeTestMethod -->
        <test-method is-config="true" signature="setup()[pri:0, instance:cz.muni.fi.pa165.bluebat.dao.CustomerDaoImplTest@8f2ef19]" started-at="2021-04-26T23:19:01 SELČ" name="setup" finished-at="2021-04-26T23:19:01 SELČ" duration-ms="20" status="PASS">
          <reporter-output>
          </reporter-output>
        </test-method> <!-- setup -->
        <test-method signature="findById_valid()[pri:0, instance:cz.muni.fi.pa165.bluebat.dao.CustomerDaoImplTest@8f2ef19]" started-at="2021-04-26T23:19:01 SELČ" name="findById_valid" finished-at="2021-04-26T23:19:01 SELČ" duration-ms="10" status="PASS">
          <reporter-output>
          </reporter-output>
        </test-method> <!-- findById_valid -->
        <test-method is-config="true" signature="springTestContextAfterTestMethod(java.lang.reflect.Method)[pri:0, instance:cz.muni.fi.pa165.bluebat.dao.CustomerDaoImplTest@8f2ef19]" started-at="2021-04-26T23:19:01 SELČ" name="springTestContextAfterTestMethod" finished-at="2021-04-26T23:19:02 SELČ" duration-ms="518" status="PASS">
          <params>
            <param index="0">
              <value>
                <![CDATA[public void cz.muni.fi.pa165.bluebat.dao.CustomerDaoImplTest.findById_valid()]]>
              </value>
            </param>
          </params>
          <reporter-output>
          </reporter-output>
        </test-method> <!-- springTestContextAfterTestMethod -->
        <test-method is-config="true" signature="springTestContextBeforeTestMethod(java.lang.reflect.Method)[pri:0, instance:cz.muni.fi.pa165.bluebat.dao.CustomerDaoImplTest@8f2ef19]" started-at="2021-04-26T23:19:02 SELČ" name="springTestContextBeforeTestMethod" finished-at="2021-04-26T23:19:02 SELČ" duration-ms="466" status="PASS">
          <params>
            <param index="0">
              <value>
                <![CDATA[public void cz.muni.fi.pa165.bluebat.dao.CustomerDaoImplTest.update_null_InvalidDataAccessApiUsageException()]]>
              </value>
            </param>
          </params>
          <reporter-output>
          </reporter-output>
        </test-method> <!-- springTestContextBeforeTestMethod -->
        <test-method is-config="true" signature="setup()[pri:0, instance:cz.muni.fi.pa165.bluebat.dao.CustomerDaoImplTest@8f2ef19]" started-at="2021-04-26T23:19:02 SELČ" name="setup" finished-at="2021-04-26T23:19:02 SELČ" duration-ms="10" status="PASS">
          <reporter-output>
          </reporter-output>
        </test-method> <!-- setup -->
        <test-method is-config="true" signature="springTestContextAfterTestMethod(java.lang.reflect.Method)[pri:0, instance:cz.muni.fi.pa165.bluebat.dao.CustomerDaoImplTest@8f2ef19]" started-at="2021-04-26T23:19:02 SELČ" name="springTestContextAfterTestMethod" finished-at="2021-04-26T23:19:03 SELČ" duration-ms="511" status="PASS">
          <params>
            <param index="0">
              <value>
                <![CDATA[public void cz.muni.fi.pa165.bluebat.dao.CustomerDaoImplTest.update_null_InvalidDataAccessApiUsageException()]]>
              </value>
            </param>
          </params>
          <reporter-output>
          </reporter-output>
        </test-method> <!-- springTestContextAfterTestMethod -->
        <test-method signature="update_null_InvalidDataAccessApiUsageException()[pri:0, instance:cz.muni.fi.pa165.bluebat.dao.CustomerDaoImplTest@8f2ef19]" started-at="2021-04-26T23:19:02 SELČ" name="update_null_InvalidDataAccessApiUsageException" finished-at="2021-04-26T23:19:02 SELČ" duration-ms="0" status="PASS">
          <reporter-output>
          </reporter-output>
        </test-method> <!-- update_null_InvalidDataAccessApiUsageException -->
        <test-method is-config="true" signature="springTestContextBeforeTestMethod(java.lang.reflect.Method)[pri:0, instance:cz.muni.fi.pa165.bluebat.dao.CustomerDaoImplTest@8f2ef19]" started-at="2021-04-26T23:19:03 SELČ" name="springTestContextBeforeTestMethod" finished-at="2021-04-26T23:19:03 SELČ" duration-ms="417" status="PASS">
          <params>
            <param index="0">
              <value>
                <![CDATA[public void cz.muni.fi.pa165.bluebat.dao.CustomerDaoImplTest.update_valid()]]>
              </value>
            </param>
          </params>
          <reporter-output>
          </reporter-output>
        </test-method> <!-- springTestContextBeforeTestMethod -->
        <test-method is-config="true" signature="setup()[pri:0, instance:cz.muni.fi.pa165.bluebat.dao.CustomerDaoImplTest@8f2ef19]" started-at="2021-04-26T23:19:03 SELČ" name="setup" finished-at="2021-04-26T23:19:03 SELČ" duration-ms="20" status="PASS">
          <reporter-output>
          </reporter-output>
        </test-method> <!-- setup -->
        <test-method signature="update_valid()[pri:0, instance:cz.muni.fi.pa165.bluebat.dao.CustomerDaoImplTest@8f2ef19]" started-at="2021-04-26T23:19:03 SELČ" name="update_valid" finished-at="2021-04-26T23:19:03 SELČ" duration-ms="10" status="PASS">
          <reporter-output>
          </reporter-output>
        </test-method> <!-- update_valid -->
        <test-method is-config="true" signature="springTestContextAfterTestMethod(java.lang.reflect.Method)[pri:0, instance:cz.muni.fi.pa165.bluebat.dao.CustomerDaoImplTest@8f2ef19]" started-at="2021-04-26T23:19:03 SELČ" name="springTestContextAfterTestMethod" finished-at="2021-04-26T23:19:04 SELČ" duration-ms="519" status="PASS">
          <params>
            <param index="0">
              <value>
                <![CDATA[public void cz.muni.fi.pa165.bluebat.dao.CustomerDaoImplTest.update_valid()]]>
              </value>
            </param>
          </params>
          <reporter-output>
          </reporter-output>
        </test-method> <!-- springTestContextAfterTestMethod -->
        <test-method is-config="true" signature="springTestContextAfterTestClass()[pri:0, instance:cz.muni.fi.pa165.bluebat.dao.CustomerDaoImplTest@8f2ef19]" started-at="2021-04-26T23:19:04 SELČ" name="springTestContextAfterTestClass" finished-at="2021-04-26T23:19:04 SELČ" duration-ms="0" status="PASS">
          <reporter-output>
          </reporter-output>
        </test-method> <!-- springTestContextAfterTestClass -->
      </class> <!-- cz.muni.fi.pa165.bluebat.dao.CustomerDaoImplTest -->
      <class name="cz.muni.fi.pa165.bluebat.entity.PriceTest">
        <test-method is-config="true" signature="springTestContextBeforeTestClass()[pri:0, instance:cz.muni.fi.pa165.bluebat.entity.PriceTest@1750fbeb]" started-at="2021-04-26T23:19:52 SELČ" name="springTestContextBeforeTestClass" finished-at="2021-04-26T23:19:52 SELČ" duration-ms="0" status="PASS">
          <reporter-output>
          </reporter-output>
        </test-method> <!-- springTestContextBeforeTestClass -->
        <test-method is-config="true" signature="springTestContextPrepareTestInstance()[pri:0, instance:cz.muni.fi.pa165.bluebat.entity.PriceTest@1750fbeb]" started-at="2021-04-26T23:19:52 SELČ" name="springTestContextPrepareTestInstance" finished-at="2021-04-26T23:19:53 SELČ" depends-on-methods="org.springframework.test.context.testng.AbstractTestNGSpringContextTests.springTestContextBeforeTestClass" duration-ms="377" status="PASS">
          <reporter-output>
          </reporter-output>
        </test-method> <!-- springTestContextPrepareTestInstance -->
        <test-method is-config="true" signature="springTestContextAfterTestMethod(java.lang.reflect.Method)[pri:0, instance:cz.muni.fi.pa165.bluebat.entity.PriceTest@1750fbeb]" started-at="2021-04-26T23:19:53 SELČ" name="springTestContextAfterTestMethod" finished-at="2021-04-26T23:19:53 SELČ" duration-ms="520" status="PASS">
          <params>
            <param index="0">
              <value>
                <![CDATA[public void cz.muni.fi.pa165.bluebat.entity.PriceTest.priceAmount_negativeValue()]]>
              </value>
            </param>
          </params>
          <reporter-output>
          </reporter-output>
        </test-method> <!-- springTestContextAfterTestMethod -->
        <test-method is-config="true" signature="springTestContextBeforeTestMethod(java.lang.reflect.Method)[pri:0, instance:cz.muni.fi.pa165.bluebat.entity.PriceTest@1750fbeb]" started-at="2021-04-26T23:19:53 SELČ" name="springTestContextBeforeTestMethod" finished-at="2021-04-26T23:19:53 SELČ" duration-ms="0" status="PASS">
          <params>
            <param index="0">
              <value>
                <![CDATA[public void cz.muni.fi.pa165.bluebat.entity.PriceTest.priceAmount_negativeValue()]]>
              </value>
            </param>
          </params>
          <reporter-output>
          </reporter-output>
        </test-method> <!-- springTestContextBeforeTestMethod -->
        <test-method signature="priceAmount_negativeValue()[pri:0, instance:cz.muni.fi.pa165.bluebat.entity.PriceTest@1750fbeb]" started-at="2021-04-26T23:19:53 SELČ" name="priceAmount_negativeValue" finished-at="2021-04-26T23:19:53 SELČ" duration-ms="0" status="PASS">
          <reporter-output>
          </reporter-output>
        </test-method> <!-- priceAmount_negativeValue -->
        <test-method is-config="true" signature="springTestContextBeforeTestMethod(java.lang.reflect.Method)[pri:0, instance:cz.muni.fi.pa165.bluebat.entity.PriceTest@1750fbeb]" started-at="2021-04-26T23:19:53 SELČ" name="springTestContextBeforeTestMethod" finished-at="2021-04-26T23:19:54 SELČ" duration-ms="300" status="PASS">
          <params>
            <param index="0">
              <value>
                <![CDATA[public void cz.muni.fi.pa165.bluebat.entity.PriceTest.priceAmount_null()]]>
              </value>
            </param>
          </params>
          <reporter-output>
          </reporter-output>
        </test-method> <!-- springTestContextBeforeTestMethod -->
        <test-method signature="priceAmount_null()[pri:0, instance:cz.muni.fi.pa165.bluebat.entity.PriceTest@1750fbeb]" started-at="2021-04-26T23:19:54 SELČ" name="priceAmount_null" finished-at="2021-04-26T23:19:54 SELČ" duration-ms="0" status="PASS">
          <reporter-output>
          </reporter-output>
        </test-method> <!-- priceAmount_null -->
        <test-method is-config="true" signature="springTestContextAfterTestMethod(java.lang.reflect.Method)[pri:0, instance:cz.muni.fi.pa165.bluebat.entity.PriceTest@1750fbeb]" started-at="2021-04-26T23:19:54 SELČ" name="springTestContextAfterTestMethod" finished-at="2021-04-26T23:19:54 SELČ" duration-ms="520" status="PASS">
          <params>
            <param index="0">
              <value>
                <![CDATA[public void cz.muni.fi.pa165.bluebat.entity.PriceTest.priceAmount_null()]]>
              </value>
            </param>
          </params>
          <reporter-output>
          </reporter-output>
        </test-method> <!-- springTestContextAfterTestMethod -->
        <test-method is-config="true" signature="springTestContextBeforeTestMethod(java.lang.reflect.Method)[pri:0, instance:cz.muni.fi.pa165.bluebat.entity.PriceTest@1750fbeb]" started-at="2021-04-26T23:19:54 SELČ" name="springTestContextBeforeTestMethod" finished-at="2021-04-26T23:19:54 SELČ" duration-ms="310" status="PASS">
          <params>
            <param index="0">
              <value>
                <![CDATA[public void cz.muni.fi.pa165.bluebat.entity.PriceTest.priceValidFrom_null()]]>
              </value>
            </param>
          </params>
          <reporter-output>
          </reporter-output>
        </test-method> <!-- springTestContextBeforeTestMethod -->
        <test-method is-config="true" signature="springTestContextAfterTestMethod(java.lang.reflect.Method)[pri:0, instance:cz.muni.fi.pa165.bluebat.entity.PriceTest@1750fbeb]" started-at="2021-04-26T23:19:54 SELČ" name="springTestContextAfterTestMethod" finished-at="2021-04-26T23:19:55 SELČ" duration-ms="517" status="PASS">
          <params>
            <param index="0">
              <value>
                <![CDATA[public void cz.muni.fi.pa165.bluebat.entity.PriceTest.priceValidFrom_null()]]>
              </value>
            </param>
          </params>
          <reporter-output>
          </reporter-output>
        </test-method> <!-- springTestContextAfterTestMethod -->
        <test-method signature="priceValidFrom_null()[pri:0, instance:cz.muni.fi.pa165.bluebat.entity.PriceTest@1750fbeb]" started-at="2021-04-26T23:19:54 SELČ" name="priceValidFrom_null" finished-at="2021-04-26T23:19:54 SELČ" duration-ms="0" status="PASS">
          <reporter-output>
          </reporter-output>
        </test-method> <!-- priceValidFrom_null -->
        <test-method is-config="true" signature="springTestContextBeforeTestMethod(java.lang.reflect.Method)[pri:0, instance:cz.muni.fi.pa165.bluebat.entity.PriceTest@1750fbeb]" started-at="2021-04-26T23:19:55 SELČ" name="springTestContextBeforeTestMethod" finished-at="2021-04-26T23:19:55 SELČ" duration-ms="249" status="PASS">
          <params>
            <param index="0">
              <value>
[...]
                <![CDATA[public void cz.muni.fi.pa165.bluebat.dao.PriceDaoImplTest.update_null_InvalidDataAccessApiUsageException()]]>
              </value>
            </param>
          </params>
          <reporter-output>
          </reporter-output>
        </test-method> <!-- springTestContextBeforeTestMethod -->
        <test-method is-config="true" signature="setup()[pri:0, instance:cz.muni.fi.pa165.bluebat.dao.PriceDaoImplTest@1c5920df]" started-at="2021-04-26T23:19:20 SELČ" name="setup" finished-at="2021-04-26T23:19:20 SELČ" duration-ms="10" status="PASS">
          <reporter-output>
          </reporter-output>
        </test-method> <!-- setup -->
        <test-method is-config="true" signature="springTestContextAfterTestMethod(java.lang.reflect.Method)[pri:0, instance:cz.muni.fi.pa165.bluebat.dao.PriceDaoImplTest@1c5920df]" started-at="2021-04-26T23:19:20 SELČ" name="springTestContextAfterTestMethod" finished-at="2021-04-26T23:19:20 SELČ" duration-ms="517" status="PASS">
          <params>
            <param index="0">
              <value>
                <![CDATA[public void cz.muni.fi.pa165.bluebat.dao.PriceDaoImplTest.update_null_InvalidDataAccessApiUsageException()]]>
              </value>
            </param>
          </params>
          <reporter-output>
          </reporter-output>
        </test-method> <!-- springTestContextAfterTestMethod -->
        <test-method signature="update_null_InvalidDataAccessApiUsageException()[pri:0, instance:cz.muni.fi.pa165.bluebat.dao.PriceDaoImplTest@1c5920df]" started-at="2021-04-26T23:19:20 SELČ" name="update_null_InvalidDataAccessApiUsageException" finished-at="2021-04-26T23:19:20 SELČ" duration-ms="0" status="PASS">
          <reporter-output>
          </reporter-output>
        </test-method> <!-- update_null_InvalidDataAccessApiUsageException -->
        <test-method is-config="true" signature="springTestContextBeforeTestMethod(java.lang.reflect.Method)[pri:0, instance:cz.muni.fi.pa165.bluebat.dao.PriceDaoImplTest@1c5920df]" started-at="2021-04-26T23:19:20 SELČ" name="springTestContextBeforeTestMethod" finished-at="2021-04-26T23:19:20 SELČ" duration-ms="270" status="PASS">
          <params>
            <param index="0">
              <value>
                <![CDATA[public void cz.muni.fi.pa165.bluebat.dao.PriceDaoImplTest.update_valid()]]>
              </value>
            </param>
          </params>
          <reporter-output>
          </reporter-output>
        </test-method> <!-- springTestContextBeforeTestMethod -->
        <test-method is-config="true" signature="setup()[pri:0, instance:cz.muni.fi.pa165.bluebat.dao.PriceDaoImplTest@1c5920df]" started-at="2021-04-26T23:19:20 SELČ" name="setup" finished-at="2021-04-26T23:19:20 SELČ" duration-ms="10" status="PASS">
          <reporter-output>
          </reporter-output>
        </test-method> <!-- setup -->
        <test-method is-config="true" signature="springTestContextAfterTestMethod(java.lang.reflect.Method)[pri:0, instance:cz.muni.fi.pa165.bluebat.dao.PriceDaoImplTest@1c5920df]" started-at="2021-04-26T23:19:20 SELČ" name="springTestContextAfterTestMethod" finished-at="2021-04-26T23:19:21 SELČ" duration-ms="519" status="PASS">
          <params>
            <param index="0">
              <value>
                <![CDATA[public void cz.muni.fi.pa165.bluebat.dao.PriceDaoImplTest.update_valid()]]>
              </value>
            </param>
          </params>
          <reporter-output>
          </reporter-output>
        </test-method> <!-- springTestContextAfterTestMethod -->
        <test-method signature="update_valid()[pri:0, instance:cz.muni.fi.pa165.bluebat.dao.PriceDaoImplTest@1c5920df]" started-at="2021-04-26T23:19:20 SELČ" name="update_valid" finished-at="2021-04-26T23:19:20 SELČ" duration-ms="0" status="PASS">
          <reporter-output>
          </reporter-output>
        </test-method> <!-- update_valid -->
        <test-method is-config="true" signature="springTestContextAfterTestClass()[pri:0, instance:cz.muni.fi.pa165.bluebat.dao.PriceDaoImplTest@1c5920df]" started-at="2021-04-26T23:19:21 SELČ" name="springTestContextAfterTestClass" finished-at="2021-04-26T23:19:21 SELČ" duration-ms="0" status="PASS">
          <reporter-output>
          </reporter-output>
        </test-method> <!-- springTestContextAfterTestClass -->
      </class> <!-- cz.muni.fi.pa165.bluebat.dao.PriceDaoImplTest -->
      <class name="cz.muni.fi.pa165.bluebat.dao.TripDaoTest">
        <test-method is-config="true" signature="springTestContextBeforeTestClass()[pri:0, instance:cz.muni.fi.pa165.bluebat.dao.TripDaoTest@18271936]" started-at="2021-04-26T23:19:31 SELČ" name="springTestContextBeforeTestClass" finished-at="2021-04-26T23:19:31 SELČ" duration-ms="0" status="PASS">
          <reporter-output>
          </reporter-output>
        </test-method> <!-- springTestContextBeforeTestClass -->
        <test-method is-config="true" signature="springTestContextPrepareTestInstance()[pri:0, instance:cz.muni.fi.pa165.bluebat.dao.TripDaoTest@18271936]" started-at="2021-04-26T23:19:31 SELČ" name="springTestContextPrepareTestInstance" finished-at="2021-04-26T23:19:32 SELČ" depends-on-methods="org.springframework.test.context.testng.AbstractTestNGSpringContextTests.springTestContextBeforeTestClass" duration-ms="300" status="PASS">
          <reporter-output>
          </reporter-output>
        </test-method> <!-- springTestContextPrepareTestInstance -->
        <test-method is-config="true" signature="springTestContextBeforeTestMethod(java.lang.reflect.Method)[pri:0, instance:cz.muni.fi.pa165.bluebat.dao.TripDaoTest@18271936]" started-at="2021-04-26T23:19:32 SELČ" name="springTestContextBeforeTestMethod" finished-at="2021-04-26T23:19:32 SELČ" duration-ms="10" status="PASS">
          <params>
            <param index="0">
              <value>
                <![CDATA[void cz.muni.fi.pa165.bluebat.dao.TripDaoTest.createNullTest()]]>
              </value>
            </param>
          </params>
          <reporter-output>
          </reporter-output>
        </test-method> <!-- springTestContextBeforeTestMethod -->
        <test-method is-config="true" signature="setup()[pri:0, instance:cz.muni.fi.pa165.bluebat.dao.TripDaoTest@18271936]" started-at="2021-04-26T23:19:32 SELČ" name="setup" finished-at="2021-04-26T23:19:32 SELČ" duration-ms="0" status="PASS">
          <reporter-output>
          </reporter-output>
        </test-method> <!-- setup -->
        <test-method signature="createNullTest()[pri:0, instance:cz.muni.fi.pa165.bluebat.dao.TripDaoTest@18271936]" started-at="2021-04-26T23:19:32 SELČ" name="createNullTest" finished-at="2021-04-26T23:19:32 SELČ" duration-ms="0" status="PASS">
          <reporter-output>
          </reporter-output>
        </test-method> <!-- createNullTest -->
        <test-method is-config="true" signature="springTestContextAfterTestMethod(java.lang.reflect.Method)[pri:0, instance:cz.muni.fi.pa165.bluebat.dao.TripDaoTest@18271936]" started-at="2021-04-26T23:19:32 SELČ" name="springTestContextAfterTestMethod" finished-at="2021-04-26T23:19:32 SELČ" duration-ms="510" status="PASS">
          <params>
            <param index="0">
              <value>
                <![CDATA[void cz.muni.fi.pa165.bluebat.dao.TripDaoTest.createNullTest()]]>
              </value>
            </param>
          </params>
          <reporter-output>
          </reporter-output>
        </test-method> <!-- springTestContextAfterTestMethod -->
        <test-method is-config="true" signature="springTestContextBeforeTestMethod(java.lang.reflect.Method)[pri:0, instance:cz.muni.fi.pa165.bluebat.dao.TripDaoTest@18271936]" started-at="2021-04-26T23:19:32 SELČ" name="springTestContextBeforeTestMethod" finished-at="2021-04-26T23:19:33 SELČ" duration-ms="299" status="PASS">
          <params>
            <param index="0">
              <value>
                <![CDATA[void cz.muni.fi.pa165.bluebat.dao.TripDaoTest.createTest()]]>
              </value>
            </param>
          </params>
          <reporter-output>
          </reporter-output>
        </test-method> <!-- springTestContextBeforeTestMethod -->
        <test-method is-config="true" signature="springTestContextAfterTestMethod(java.lang.reflect.Method)[pri:0, instance:cz.muni.fi.pa165.bluebat.dao.TripDaoTest@18271936]" started-at="2021-04-26T23:19:33 SELČ" name="springTestContextAfterTestMethod" finished-at="2021-04-26T23:19:33 SELČ" duration-ms="520" status="PASS">
          <params>
            <param index="0">
              <value>
                <![CDATA[void cz.muni.fi.pa165.bluebat.dao.TripDaoTest.createTest()]]>
              </value>
            </param>
          </params>
          <reporter-output>
          </reporter-output>
        </test-method> <!-- springTestContextAfterTestMethod -->
        <test-method signature="createTest()[pri:0, instance:cz.muni.fi.pa165.bluebat.dao.TripDaoTest@18271936]" started-at="2021-04-26T23:19:33 SELČ" name="createTest" finished-at="2021-04-26T23:19:33 SELČ" duration-ms="0" status="PASS">
          <reporter-output>
          </reporter-output>
        </test-method> <!-- createTest -->
        <test-method is-config="true" signature="springTestContextBeforeTestMethod(java.lang.reflect.Method)[pri:0, instance:cz.muni.fi.pa165.bluebat.dao.TripDaoTest@18271936]" started-at="2021-04-26T23:19:33 SELČ" name="springTestContextBeforeTestMethod" finished-at="2021-04-26T23:19:33 SELČ" duration-ms="360" status="PASS">
          <params>
            <param index="0">
              <value>
                <![CDATA[void cz.muni.fi.pa165.bluebat.dao.TripDaoTest.createWithNullTest()]]>
              </value>
            </param>
          </params>
          <reporter-output>
          </reporter-output>
        </test-method> <!-- springTestContextBeforeTestMethod -->
        <test-method signature="createWithNullTest()[pri:0, instance:cz.muni.fi.pa165.bluebat.dao.TripDaoTest@18271936]" started-at="2021-04-26T23:19:33 SELČ" name="createWithNullTest" finished-at="2021-04-26T23:19:33 SELČ" duration-ms="10" status="PASS">
          <reporter-output>
          </reporter-output>
        </test-method> <!-- createWithNullTest -->
        <test-method is-config="true" signature="springTestContextAfterTestMethod(java.lang.reflect.Method)[pri:0, instance:cz.muni.fi.pa165.bluebat.dao.TripDaoTest@18271936]" started-at="2021-04-26T23:19:33 SELČ" name="springTestContextAfterTestMethod" finished-at="2021-04-26T23:19:34 SELČ" duration-ms="508" status="PASS">
          <params>
            <param index="0">
              <value>
                <![CDATA[void cz.muni.fi.pa165.bluebat.dao.TripDaoTest.createWithNullTest()]]>
              </value>
            </param>
          </params>
          <reporter-output>
          </reporter-output>
        </test-method> <!-- springTestContextAfterTestMethod -->
        <test-method is-config="true" signature="springTestContextBeforeTestMethod(java.lang.reflect.Method)[pri:0, instance:cz.muni.fi.pa165.bluebat.dao.TripDaoTest@18271936]" started-at="2021-04-26T23:19:34 SELČ" name="springTestContextBeforeTestMethod" finished-at="2021-04-26T23:19:34 SELČ" duration-ms="350" status="PASS">
          <params>
            <param index="0">
              <value>
                <![CDATA[void cz.muni.fi.pa165.bluebat.dao.TripDaoTest.deleteNullTest()]]>
              </value>
            </param>
          </params>
          <reporter-output>
          </reporter-output>
        </test-method> <!-- springTestContextBeforeTestMethod -->
        <test-method is-config="true" signature="springTestContextAfterTestMethod(java.lang.reflect.Method)[pri:0, instance:cz.muni.fi.pa165.bluebat.dao.TripDaoTest@18271936]" started-at="2021-04-26T23:19:34 SELČ" name="springTestContextAfterTestMethod" finished-at="2021-04-26T23:19:35 SELČ" duration-ms="520" status="PASS">
          <params>
            <param index="0">
              <value>
                <![CDATA[void cz.muni.fi.pa165.bluebat.dao.TripDaoTest.deleteNullTest()]]>
              </value>
            </param>
          </params>
          <reporter-output>
          </reporter-output>
        </test-method> <!-- springTestContextAfterTestMethod -->
        <test-method signature="deleteNullTest()[pri:0, instance:cz.muni.fi.pa165.bluebat.dao.TripDaoTest@18271936]" started-at="2021-04-26T23:19:34 SELČ" name="deleteNullTest" finished-at="2021-04-26T23:19:34 SELČ" duration-ms="0" status="PASS">
          <reporter-output>
          </reporter-output>
        </test-method> <!-- deleteNullTest -->
        <test-method is-config="true" signature="springTestContextBeforeTestMethod(java.lang.reflect.Method)[pri:0, instance:cz.muni.fi.pa165.bluebat.dao.TripDaoTest@18271936]" started-at="2021-04-26T23:19:35 SELČ" name="springTestContextBeforeTestMethod" finished-at="2021-04-26T23:19:35 SELČ" duration-ms="310" status="PASS">
          <params>
            <param index="0">
              <value>
                <![CDATA[void cz.muni.fi.pa165.bluebat.dao.TripDaoTest.deleteTest()]]>
              </value>
            </param>
          </params>
          <reporter-output>
          </reporter-output>
        </test-method> <!-- springTestContextBeforeTestMethod -->
        <test-method signature="deleteTest()[pri:0, instance:cz.muni.fi.pa165.bluebat.dao.TripDaoTest@18271936]" started-at="2021-04-26T23:19:35 SELČ" name="deleteTest" finished-at="2021-04-26T23:19:35 SELČ" duration-ms="20" status="PASS">
          <reporter-output>
          </reporter-output>
        </test-method> <!-- deleteTest -->
        <test-method is-config="true" signature="springTestContextAfterTestMethod(java.lang.reflect.Method)[pri:0, instance:cz.muni.fi.pa165.bluebat.dao.TripDaoTest@18271936]" started-at="2021-04-26T23:19:35 SELČ" name="springTestContextAfterTestMethod" finished-at="2021-04-26T23:19:36 SELČ" duration-ms="519" status="PASS">
          <params>
            <param index="0">
              <value>
                <![CDATA[void cz.muni.fi.pa165.bluebat.dao.TripDaoTest.deleteTest()]]>
              </value>
            </param>
          </params>
          <reporter-output>
          </reporter-output>
        </test-method> <!-- springTestContextAfterTestMethod -->
        <test-method is-config="true" signature="springTestContextBeforeTestMethod(java.lang.reflect.Method)[pri:0, instance:cz.muni.fi.pa165.bluebat.dao.TripDaoTest@18271936]" started-at="2021-04-26T23:19:36 SELČ" name="springTestContextBeforeTestMethod" finished-at="2021-04-26T23:19:36 SELČ" duration-ms="390" status="PASS">
          <params>
            <param index="0">
              <value>
                <![CDATA[void cz.muni.fi.pa165.bluebat.dao.TripDaoTest.findNonExistingTripTest()]]>
              </value>
            </param>
          </params>
          <reporter-output>
          </reporter-output>
        </test-method> <!-- springTestContextBeforeTestMethod -->
        <test-method signature="findNonExistingTripTest()[pri:0, instance:cz.muni.fi.pa165.bluebat.dao.TripDaoTest@18271936]" started-at="2021-04-26T23:19:36 SELČ" name="findNonExistingTripTest" finished-at="2021-04-26T23:19:36 SELČ" duration-ms="10" status="PASS">
          <reporter-output>
          </reporter-output>
        </test-method> <!-- findNonExistingTripTest -->
        <test-method is-config="true" signature="springTestContextAfterTestMethod(java.lang.reflect.Method)[pri:0, instance:cz.muni.fi.pa165.bluebat.dao.TripDaoTest@18271936]" started-at="2021-04-26T23:19:36 SELČ" name="springTestContextAfterTestMethod" finished-at="2021-04-26T23:19:37 SELČ" duration-ms="508" status="PASS">
          <params>
            <param index="0">
              <value>
                <![CDATA[void cz.muni.fi.pa165.bluebat.dao.TripDaoTest.findNonExistingTripTest()]]>
              </value>
            </param>
          </params>
          <reporter-output>
          </reporter-output>
        </test-method> <!-- springTestContextAfterTestMethod -->
        <test-method is-config="true" signature="springTestContextBeforeTestMethod(java.lang.reflect.Method)[pri:0, instance:cz.muni.fi.pa165.bluebat.dao.TripDaoTest@18271936]" started-at="2021-04-26T23:19:37 SELČ" name="springTestContextBeforeTestMethod" finished-at="2021-04-26T23:19:37 SELČ" duration-ms="388" status="PASS">
          <params>
            <param index="0">
              <value>
                <![CDATA[void cz.muni.fi.pa165.bluebat.dao.TripDaoTest.findNullTest()]]>
              </value>
            </param>
          </params>
          <reporter-output>
          </reporter-output>
        </test-method> <!-- springTestContextBeforeTestMethod -->
        <test-method signature="findNullTest()[pri:0, instance:cz.muni.fi.pa165.bluebat.dao.TripDaoTest@18271936]" started-at="2021-04-26T23:19:37 SELČ" name="findNullTest" finished-at="2021-04-26T23:19:37 SELČ" duration-ms="18" status="PASS">
          <reporter-output>
          </reporter-output>
        </test-method> <!-- findNullTest -->
        <test-method is-config="true" signature="springTestContextAfterTestMethod(java.lang.reflect.Method)[pri:0, instance:cz.muni.fi.pa165.bluebat.dao.TripDaoTest@18271936]" started-at="2021-04-26T23:19:37 SELČ" name="springTestContextAfterTestMethod" finished-at="2021-04-26T23:19:38 SELČ" duration-ms="507" status="PASS">
          <params>
            <param index="0">
              <value>
                <![CDATA[void cz.muni.fi.pa165.bluebat.dao.TripDaoTest.findNullTest()]]>
              </value>
            </param>
          </params>
          <reporter-output>
          </reporter-output>
        </test-method> <!-- springTestContextAfterTestMethod -->
        <test-method is-config="true" signature="springTestContextBeforeTestMethod(java.lang.reflect.Method)[pri:0, instance:cz.muni.fi.pa165.bluebat.dao.TripDaoTest@18271936]" started-at="2021-04-26T23:19:38 SELČ" name="springTestContextBeforeTestMethod" finished-at="2021-04-26T23:19:38 SELČ" duration-ms="350" status="PASS">
          <params>
            <param index="0">
              <value>
                <![CDATA[void cz.muni.fi.pa165.bluebat.dao.TripDaoTest.updateTest()]]>
              </value>
            </param>
          </params>
          <reporter-output>
          </reporter-output>
        </test-method> <!-- springTestContextBeforeTestMethod -->
        <test-method signature="updateTest()[pri:0, instance:cz.muni.fi.pa165.bluebat.dao.TripDaoTest@18271936]" started-at="2021-04-26T23:19:38 SELČ" name="updateTest" finished-at="2021-04-26T23:19:38 SELČ" duration-ms="10" status="PASS">
          <reporter-output>
          </reporter-output>
        </test-method> <!-- updateTest -->
        <test-method is-config="true" signature="springTestContextAfterTestMethod(java.lang.reflect.Method)[pri:0, instance:cz.muni.fi.pa165.bluebat.dao.TripDaoTest@18271936]" started-at="2021-04-26T23:19:38 SELČ" name="springTestContextAfterTestMethod" finished-at="2021-04-26T23:19:38 SELČ" duration-ms="511" status="PASS">
          <params>
            <param index="0">
              <value>
                <![CDATA[void cz.muni.fi.pa165.bluebat.dao.TripDaoTest.updateTest()]]>
              </value>
            </param>
          </params>
          <reporter-output>
          </reporter-output>
        </test-method> <!-- springTestContextAfterTestMethod -->
        <test-method is-config="true" signature="springTestContextAfterTestClass()[pri:0, instance:cz.muni.fi.pa165.bluebat.dao.TripDaoTest@18271936]" started-at="2021-04-26T23:19:38 SELČ" name="springTestContextAfterTestClass" finished-at="2021-04-26T23:19:38 SELČ" duration-ms="0" status="PASS">
          <reporter-output>
          </reporter-output>
        </test-method> <!-- springTestContextAfterTestClass -->
      </class> <!-- cz.muni.fi.pa165.bluebat.dao.TripDaoTest -->
    </test> <!-- Surefire test -->
  </suite> <!-- Surefire suite -->
</testng-results>
