<?xml version="1.0" encoding="UTF-8"?>
<testsuite xmlns:xsi="http://www.w3.org/2001/XMLSchema-instance" xsi:noNamespaceSchemaLocation="https://maven.apache.org/surefire/maven-surefire-plugin/xsd/surefire-test-report.xsd" name="TestSuite" time="95.35" tests="131" errors="0" skipped="0" failures="0">
  <properties>
[...]
</properties>
  <testcase name="create_null_InvalidDataAccessApiUsageException" classname="cz.muni.fi.pa165.bluebat.dao.CustomerDaoImplTest" time="0.01"/>
  <testcase name="create_valid" classname="cz.muni.fi.pa165.bluebat.dao.CustomerDaoImplTest" time="0.008"/>
  <testcase name="delete_notInserted" classname="cz.muni.fi.pa165.bluebat.dao.CustomerDaoImplTest" time="0.02"/>
  <testcase name="delete_null_InvalidDataAccessApiUsageException" classname="cz.muni.fi.pa165.bluebat.dao.CustomerDaoImplTest" time="0.012"/>
  <testcase name="delete_valid" classname="cz.muni.fi.pa165.bluebat.dao.CustomerDaoImplTest" time="0.04"/>
  <testcase name="findAll_doesNotThrow" classname="cz.muni.fi.pa165.bluebat.dao.CustomerDaoImplTest" time="0.05"/>
  <testcase name="findAll_oneDeleted" classname="cz.muni.fi.pa165.bluebat.dao.CustomerDaoImplTest" time="0.125"/>
  <testcase name="findAll_oneInserted" classname="cz.muni.fi.pa165.bluebat.dao.CustomerDaoImplTest" time="0.164"/>
  <testcase name="findById_notInserted" classname="cz.muni.fi.pa165.bluebat.dao.CustomerDaoImplTest" time="0.02"/>
  <testcase name="findById_removedCustomer" classname="cz.muni.fi.pa165.bluebat.dao.CustomerDaoImplTest" time="0.111"/>
  <testcase name="findById_valid" classname="cz.muni.fi.pa165.bluebat.dao.CustomerDaoImplTest" time="0.028"/>
  <testcase name="update_null_InvalidDataAccessApiUsageException" classname="cz.muni.fi.pa165.bluebat.dao.CustomerDaoImplTest" time="0.01"/>
  <testcase name="update_valid" classname="cz.muni.fi.pa165.bluebat.dao.CustomerDaoImplTest" time="0.039"/>
  <testcase name="create_null_InvalidDataAccessApiUsageException" classname="cz.muni.fi.pa165.bluebat.dao.ExcursionDaoImplTest" time="0.01"/>
  <testcase name="create_valid" classname="cz.muni.fi.pa165.bluebat.dao.ExcursionDaoImplTest" time="0.01"/>
  <testcase name="delete_notInserted" classname="cz.muni.fi.pa165.bluebat.dao.ExcursionDaoImplTest" time="0.01"/>
  <testcase name="delete_null_InvalidDataAccessApiUsageException" classname="cz.muni.fi.pa165.bluebat.dao.ExcursionDaoImplTest" time="0.013"/>
  <testcase name="delete_valid" classname="cz.muni.fi.pa165.bluebat.dao.ExcursionDaoImplTest" time="0.03"/>
  <testcase name="findById_notInserted" classname="cz.muni.fi.pa165.bluebat.dao.ExcursionDaoImplTest" time="0.02"/>
  <testcase name="findById_removedExcursion" classname="cz.muni.fi.pa165.bluebat.dao.ExcursionDaoImplTest" time="0.06"/>
  <testcase name="findById_valid" classname="cz.muni.fi.pa165.bluebat.dao.ExcursionDaoImplTest" time="0.02"/>
  <testcase name="update_null_InvalidDataAccessApiUsageException" classname="cz.muni.fi.pa165.bluebat.dao.ExcursionDaoImplTest" time="0.01"/>
  <testcase name="update_valid" classname="cz.muni.fi.pa165.bluebat.dao.ExcursionDaoImplTest" time="0.03"/>
  <testcase name="create_null_InvalidDataAccessApiUsageException" classname="cz.muni.fi.pa165.bluebat.dao.PriceDaoImplTest" time="0.01"/>
  <testcase name="create_valid" classname="cz.muni.fi.pa165.bluebat.dao.PriceDaoImplTest" time="0.01"/>
  <testcase name="delete_notInserted" classname="cz.muni.fi.pa165.bluebat.dao.PriceDaoImplTest" time="0.009"/>
  <testcase name="delete_null_InvalidDataAccessApiUsageException" classname="cz.muni.fi.pa165.bluebat.dao.PriceDaoImplTest" time="0.01"/>
  <testcase name="findById_notInserted" classname="cz.muni.fi.pa165.bluebat.dao.PriceDaoImplTest" time="0.01"/>
  <testcase name="findById_removedPrice" classname="cz.muni.fi.pa165.bluebat.dao.PriceDaoImplTest" time="0.05"/>
  <testcase name="findById_valid" classname="cz.muni.fi.pa165.bluebat.dao.PriceDaoImplTest" time="0.02"/>
  <testcase name="update_null_InvalidDataAccessApiUsageException" classname="cz.muni.fi.pa165.bluebat.dao.PriceDaoImplTest" time="0"/>
  <testcase name="update_valid" classname="cz.muni.fi.pa165.bluebat.dao.PriceDaoImplTest" time="0.01"/>
  <testcase name="create_null_InvalidDataAccessApiUsageException" classname="cz.muni.fi.pa165.bluebat.dao.ReservationDaoImplTest" time="0"/>
  <testcase name="create_valid" classname="cz.muni.fi.pa165.bluebat.dao.ReservationDaoImplTest" time="0.012"/>
  <testcase name="delete_null_InvalidDataAccessApiUsageException" classname="cz.muni.fi.pa165.bluebat.dao.ReservationDaoImplTest" time="0.01"/>
  <testcase name="delete_valid" classname="cz.muni.fi.pa165.bluebat.dao.ReservationDaoImplTest" time="0.07"/>
  <testcase name="findAll_doesNotThrow" classname="cz.muni.fi.pa165.bluebat.dao.ReservationDaoImplTest" time="0.08"/>
  <testcase name="findAll_oneDeleted" classname="cz.muni.fi.pa165.bluebat.dao.ReservationDaoImplTest" time="0.159"/>
  <testcase name="findAll_oneInserted" classname="cz.muni.fi.pa165.bluebat.dao.ReservationDaoImplTest" time="0.148"/>
  <testcase name="findById_notInserted" classname="cz.muni.fi.pa165.bluebat.dao.ReservationDaoImplTest" time="0.02"/>
  <testcase name="findById_removedReservation" classname="cz.muni.fi.pa165.bluebat.dao.ReservationDaoImplTest" time="0.12"/>
  <testcase name="findById_valid" classname="cz.muni.fi.pa165.bluebat.dao.ReservationDaoImplTest" time="0.04"/>
  <testcase name="update_null_InvalidDataAccessApiUsageException" classname="cz.muni.fi.pa165.bluebat.dao.ReservationDaoImplTest" time="0.01"/>
  <testcase name="update_valid" classname="cz.muni.fi.pa165.bluebat.dao.ReservationDaoImplTest" time="0.07"/>
  <testcase name="createNullTest" classname="cz.muni.fi.pa165.bluebat.dao.TripDaoTest" time="0.01"/>
  <testcase name="createTest" classname="cz.muni.fi.pa165.bluebat.dao.TripDaoTest" time="0.02"/>
  <testcase name="createWithNullTest" classname="cz.muni.fi.pa165.bluebat.dao.TripDaoTest" time="0.01"/>
  <testcase name="deleteNullTest" classname="cz.muni.fi.pa165.bluebat.dao.TripDaoTest" time="0.01"/>
  <testcase name="deleteTest" classname="cz.muni.fi.pa165.bluebat.dao.TripDaoTest" time="0.071"/>
  <testcase name="findNonExistingTripTest" classname="cz.muni.fi.pa165.bluebat.dao.TripDaoTest" time="0.01"/>
  <testcase name="findNullTest" classname="cz.muni.fi.pa165.bluebat.dao.TripDaoTest" time="0.03"/>
  <testcase name="updateTest" classname="cz.muni.fi.pa165.bluebat.dao.TripDaoTest" time="0.02"/>
  <testcase name="customerAddress_invalid" classname="cz.muni.fi.pa165.bluebat.entity.CustomerTest" time="0.08"/>
  <testcase name="customerAddress_invalid" classname="cz.muni.fi.pa165.bluebat.entity.CustomerTest" time="0.07"/>
  <testcase name="customerAddress_invalid" classname="cz.muni.fi.pa165.bluebat.entity.CustomerTest" time="0.09"/>
  <testcase name="customerAddress_invalid" classname="cz.muni.fi.pa165.bluebat.entity.CustomerTest" time="0.09"/>
  <testcase name="customerAddress_invalid" classname="cz.muni.fi.pa165.bluebat.entity.CustomerTest" time="0.1"/>
  <testcase name="customerBirthday_inFuture" classname="cz.muni.fi.pa165.bluebat.entity.CustomerTest" time="0.1"/>
  <testcase name="customerBirthday_null" classname="cz.muni.fi.pa165.bluebat.entity.CustomerTest" time="0.1"/>
  <testcase name="customerEmail_invalid_blank" classname="cz.muni.fi.pa165.bluebat.entity.CustomerTest" time="0.1"/>
  <testcase name="customerEmail_invalid_blank" classname="cz.muni.fi.pa165.bluebat.entity.CustomerTest" time="0.1"/>
  <testcase name="customerEmail_invalid_blank" classname="cz.muni.fi.pa165.bluebat.entity.CustomerTest" time="0.093"/>
  <testcase name="customerEmail_invalid_blank" classname="cz.muni.fi.pa165.bluebat.entity.CustomerTest" time="0.091"/>
  <testcase name="customerEmail_invalid_blank" classname="cz.muni.fi.pa165.bluebat.entity.CustomerTest" time="0.099"/>
  <testcase name="customerEmail_invalid_notEmail" classname="cz.muni.fi.pa165.bluebat.entity.CustomerTest" time="0.12"/>
  <testcase name="customerEmail_invalid_notEmail" classname="cz.muni.fi.pa165.bluebat.entity.CustomerTest" time="0.081"/>
  <testcase name="customerEmail_invalid_notEmail" classname="cz.muni.fi.pa165.bluebat.entity.CustomerTest" time="0.087"/>
  <testcase name="customerEmail_invalid_notEmail" classname="cz.muni.fi.pa165.bluebat.entity.CustomerTest" time="0.09"/>
  <testcase name="customerEmail_invalid_notEmail" classname="cz.muni.fi.pa165.bluebat.entity.CustomerTest" time="0.08"/>
  <testcase name="customerEmail_invalid_notEmail" classname="cz.muni.fi.pa165.bluebat.entity.CustomerTest" time="0.074"/>
  <testcase name="customerEmail_invalid_notEmail" classname="cz.muni.fi.pa165.bluebat.entity.CustomerTest" time="0.08"/>
  <testcase name="customerEmail_invalid_notEmail" classname="cz.muni.fi.pa165.bluebat.entity.CustomerTest" time="0.1"/>
  <testcase name="customerEmail_invalid_notEmail" classname="cz.muni.fi.pa165.bluebat.entity.CustomerTest" time="0.13"/>
  <testcase name="customerEmail_invalid_notEmail" classname="cz.muni.fi.pa165.bluebat.entity.CustomerTest" time="0.08"/>
  <testcase name="customerName_invalid" classname="cz.muni.fi.pa165.bluebat.entity.CustomerTest" time="0.077"/>
  <testcase name="customerName_invalid" classname="cz.muni.fi.pa165.bluebat.entity.CustomerTest" time="0.081"/>
  <testcase name="customerName_invalid" classname="cz.muni.fi.pa165.bluebat.entity.CustomerTest" time="0.068"/>
  <testcase name="customerName_invalid" classname="cz.muni.fi.pa165.bluebat.entity.CustomerTest" time="0.081"/>
  <testcase name="customerName_invalid" classname="cz.muni.fi.pa165.bluebat.entity.CustomerTest" time="0.08"/>
  <testcase name="customerPhoneNumber_negativeValue" classname="cz.muni.fi.pa165.bluebat.entity.CustomerTest" time="0.09"/>
  <testcase name="customerPhoneNumber_null" classname="cz.muni.fi.pa165.bluebat.entity.CustomerTest" time="0.079"/>
  <testcase name="customerSurname_invalid" classname="cz.muni.fi.pa165.bluebat.entity.CustomerTest" time="0.08"/>
  <testcase name="customerSurname_invalid" classname="cz.muni.fi.pa165.bluebat.entity.CustomerTest" time="0.08"/>
  <testcase name="customerSurname_invalid" classname="cz.muni.fi.pa165.bluebat.entity.CustomerTest" time="0.07"/>
  <testcase name="customerSurname_invalid" classname="cz.muni.fi.pa165.bluebat.entity.CustomerTest" time="0.085"/>
  <testcase name="customerSurname_invalid" classname="cz.muni.fi.pa165.bluebat.entity.CustomerTest" time="0.08"/>
  <testcase name="customer_fullyInitialized" classname="cz.muni.fi.pa165.bluebat.entity.CustomerTest" time="0.11"/>
  <testcase name="excursionDateFrom_null" classname="cz.muni.fi.pa165.bluebat.entity.ExcursionTest" time="0.071"/>
  <testcase name="excursionDestination_invalid" classname="cz.muni.fi.pa165.bluebat.entity.ExcursionTest" time="0.048"/>
  <testcase name="excursionDestination_invalid" classname="cz.muni.fi.pa165.bluebat.entity.ExcursionTest" time="0.06"/>
  <testcase name="excursionDestination_invalid" classname="cz.muni.fi.pa165.bluebat.entity.ExcursionTest" time="0.04"/>
  <testcase name="excursionDestination_invalid" classname="cz.muni.fi.pa165.bluebat.entity.ExcursionTest" time="0.05"/>
  <testcase name="excursionDestination_invalid" classname="cz.muni.fi.pa165.bluebat.entity.ExcursionTest" time="0.06"/>
  <testcase name="excursionDestination_null" classname="cz.muni.fi.pa165.bluebat.entity.ExcursionTest" time="0.05"/>
  <testcase name="excursionDuration_null" classname="cz.muni.fi.pa165.bluebat.entity.ExcursionTest" time="0.06"/>
  <testcase name="excursionName_invalid" classname="cz.muni.fi.pa165.bluebat.entity.ExcursionTest" time="0.08"/>
  <testcase name="excursionName_invalid" classname="cz.muni.fi.pa165.bluebat.entity.ExcursionTest" time="0.05"/>
  <testcase name="excursionName_invalid" classname="cz.muni.fi.pa165.bluebat.entity.ExcursionTest" time="0.06"/>
  <testcase name="excursionName_invalid" classname="cz.muni.fi.pa165.bluebat.entity.ExcursionTest" time="0.05"/>
  <testcase name="excursionName_invalid" classname="cz.muni.fi.pa165.bluebat.entity.ExcursionTest" time="0.05"/>
  <testcase name="excursionName_null" classname="cz.muni.fi.pa165.bluebat.entity.ExcursionTest" time="0.058"/>
  <testcase name="excursion_fullyInitialized" classname="cz.muni.fi.pa165.bluebat.entity.ExcursionTest" time="0.042"/>
  <testcase name="priceAmount_negativeValue" classname="cz.muni.fi.pa165.bluebat.entity.PriceTest" time="0.053"/>
  <testcase name="priceAmount_null" classname="cz.muni.fi.pa165.bluebat.entity.PriceTest" time="0.04"/>
  <testcase name="priceValidFrom_null" classname="cz.muni.fi.pa165.bluebat.entity.PriceTest" time="0.04"/>
  <testcase name="price_fullyInitialized" classname="cz.muni.fi.pa165.bluebat.entity.PriceTest" time="0.04"/>
  <testcase name="reservationCustomer_null" classname="cz.muni.fi.pa165.bluebat.entity.ReservationTest" time="0.17"/>
  <testcase name="reservationPrice_null" classname="cz.muni.fi.pa165.bluebat.entity.ReservationTest" time="0.14"/>
  <testcase name="reservationTrip_null" classname="cz.muni.fi.pa165.bluebat.entity.ReservationTest" time="0.15"/>
  <testcase name="reservation_fullyInitialized" classname="cz.muni.fi.pa165.bluebat.entity.ReservationTest" time="0.19"/>
  <testcase name="tripInvalidAvailability" classname="cz.muni.fi.pa165.bluebat.entity.TripTest" time="0.05"/>
  <testcase name="tripInvalidAvailability" classname="cz.muni.fi.pa165.bluebat.entity.TripTest" time="0.05"/>
  <testcase name="tripInvalidAvailability" classname="cz.muni.fi.pa165.bluebat.entity.TripTest" time="0.05"/>
  <testcase name="tripInvalidDateFrom" classname="cz.muni.fi.pa165.bluebat.entity.TripTest" time="0.04"/>
  <testcase name="tripInvalidDateFrom" classname="cz.muni.fi.pa165.bluebat.entity.TripTest" time="0.05"/>
  <testcase name="tripInvalidDateFrom" classname="cz.muni.fi.pa165.bluebat.entity.TripTest" time="0.05"/>
  <testcase name="tripInvalidDateFrom" classname="cz.muni.fi.pa165.bluebat.entity.TripTest" time="0.06"/>
  <testcase name="tripInvalidDateTo" classname="cz.muni.fi.pa165.bluebat.entity.TripTest" time="0.06"/>
  <testcase name="tripInvalidDateTo" classname="cz.muni.fi.pa165.bluebat.entity.TripTest" time="0.05"/>
  <testcase name="tripInvalidDateTo" classname="cz.muni.fi.pa165.bluebat.entity.TripTest" time="0.05"/>
  <testcase name="tripInvalidDateTo" classname="cz.muni.fi.pa165.bluebat.entity.TripTest" time="0.05"/>
  <testcase name="tripInvalidDestination" classname="cz.muni.fi.pa165.bluebat.entity.TripTest" time="0.04"/>
  <testcase name="tripInvalidDestination" classname="cz.muni.fi.pa165.bluebat.entity.TripTest" time="0.04"/>
  <testcase name="tripInvalidDestination" classname="cz.muni.fi.pa165.bluebat.entity.TripTest" time="0.05"/>
  <testcase name="tripInvalidDestination" classname="cz.muni.fi.pa165.bluebat.entity.TripTest" time="0.04"/>
  <testcase name="tripInvalidDestination" classname="cz.muni.fi.pa165.bluebat.entity.TripTest" time="0.05"/>
  <testcase name="tripInvalidName" classname="cz.muni.fi.pa165.bluebat.entity.TripTest" time="0.05"/>
  <testcase name="tripInvalidName" classname="cz.muni.fi.pa165.bluebat.entity.TripTest" time="0.04"/>
  <testcase name="tripInvalidName" classname="cz.muni.fi.pa165.bluebat.entity.TripTest" time="0.04"/>
  <testcase name="tripInvalidName" classname="cz.muni.fi.pa165.bluebat.entity.TripTest" time="0.04"/>
  <testcase name="tripInvalidName" classname="cz.muni.fi.pa165.bluebat.entity.TripTest" time="0.04"/>
</testsuite>